{"E:\\HACKTIV8\\Bootcamp\\Individual Project\\IP-HCK73\\server\\app.js": {"path":"E:\\HACKTIV8\\Bootcamp\\Individual Project\\IP-HCK73\\server\\app.js","statementMap":{"0":{"start":{"line":1,"column":0},"end":{"line":1,"column":27}},"1":{"start":{"line":3,"column":16},"end":{"line":3,"column":34}},"2":{"start":{"line":4,"column":12},"end":{"line":4,"column":21}},"3":{"start":{"line":5,"column":13},"end":{"line":5,"column":28}},"4":{"start":{"line":6,"column":15},"end":{"line":6,"column":35}},"5":{"start":{"line":7,"column":21},"end":{"line":7,"column":57}},"6":{"start":{"line":9,"column":0},"end":{"line":9,"column":48}},"7":{"start":{"line":10,"column":0},"end":{"line":10,"column":24}},"8":{"start":{"line":11,"column":0},"end":{"line":11,"column":16}},"9":{"start":{"line":13,"column":0},"end":{"line":13,"column":16}},"10":{"start":{"line":15,"column":0},"end":{"line":15,"column":22}},"11":{"start":{"line":17,"column":0},"end":{"line":17,"column":21}}},"fnMap":{},"branchMap":{},"s":{"0":3,"1":3,"2":3,"3":3,"4":3,"5":3,"6":3,"7":3,"8":3,"9":3,"10":3,"11":3},"f":{},"b":{},"_coverageSchema":"1a1c01bbd47fc00a2c39e90264f33305004495a9","hash":"1ce028075519cc35814bee180b114f4e6f09e34e"}
,"E:\\HACKTIV8\\Bootcamp\\Individual Project\\IP-HCK73\\server\\controllers\\FavoriteController.js": {"path":"E:\\HACKTIV8\\Bootcamp\\Individual Project\\IP-HCK73\\server\\controllers\\FavoriteController.js","statementMap":{"0":{"start":{"line":1,"column":33},"end":{"line":1,"column":53}},"1":{"start":{"line":5,"column":19},"end":{"line":5,"column":27}},"2":{"start":{"line":6,"column":4},"end":{"line":17,"column":5}},"3":{"start":{"line":7,"column":22},"end":{"line":12,"column":8}},"4":{"start":{"line":14,"column":6},"end":{"line":14,"column":38}},"5":{"start":{"line":16,"column":6},"end":{"line":16,"column":18}},"6":{"start":{"line":21,"column":4},"end":{"line":44,"column":5}},"7":{"start":{"line":22,"column":47},"end":{"line":22,"column":55}},"8":{"start":{"line":23,"column":29},"end":{"line":31,"column":8}},"9":{"start":{"line":33,"column":6},"end":{"line":35,"column":7}},"10":{"start":{"line":34,"column":8},"end":{"line":34,"column":38}},"11":{"start":{"line":36,"column":21},"end":{"line":36,"column":62}},"12":{"start":{"line":37,"column":24},"end":{"line":39,"column":8}},"13":{"start":{"line":41,"column":6},"end":{"line":41,"column":40}},"14":{"start":{"line":43,"column":6},"end":{"line":43,"column":18}},"15":{"start":{"line":48,"column":19},"end":{"line":48,"column":29}},"16":{"start":{"line":49,"column":4},"end":{"line":66,"column":5}},"17":{"start":{"line":50,"column":25},"end":{"line":52,"column":8}},"18":{"start":{"line":54,"column":6},"end":{"line":56,"column":7}},"19":{"start":{"line":55,"column":8},"end":{"line":55,"column":36}},"20":{"start":{"line":57,"column":6},"end":{"line":59,"column":9}},"21":{"start":{"line":61,"column":6},"end":{"line":63,"column":9}},"22":{"start":{"line":65,"column":6},"end":{"line":65,"column":18}},"23":{"start":{"line":70,"column":0},"end":{"line":70,"column":36}}},"fnMap":{"0":{"name":"(anonymous_0)","decl":{"start":{"line":4,"column":2},"end":{"line":4,"column":3}},"loc":{"start":{"line":4,"column":48},"end":{"line":18,"column":3}},"line":4},"1":{"name":"(anonymous_1)","decl":{"start":{"line":20,"column":2},"end":{"line":20,"column":3}},"loc":{"start":{"line":20,"column":46},"end":{"line":45,"column":3}},"line":20},"2":{"name":"(anonymous_2)","decl":{"start":{"line":47,"column":2},"end":{"line":47,"column":3}},"loc":{"start":{"line":47,"column":50},"end":{"line":67,"column":3}},"line":47}},"branchMap":{"0":{"loc":{"start":{"line":22,"column":14},"end":{"line":22,"column":34}},"type":"default-arg","locations":[{"start":{"line":22,"column":23},"end":{"line":22,"column":34}}],"line":22},"1":{"loc":{"start":{"line":33,"column":6},"end":{"line":35,"column":7}},"type":"if","locations":[{"start":{"line":33,"column":6},"end":{"line":35,"column":7}},{"start":{},"end":{}}],"line":33},"2":{"loc":{"start":{"line":54,"column":6},"end":{"line":56,"column":7}},"type":"if","locations":[{"start":{"line":54,"column":6},"end":{"line":56,"column":7}},{"start":{},"end":{}}],"line":54}},"s":{"0":3,"1":1,"2":1,"3":1,"4":1,"5":0,"6":1,"7":1,"8":1,"9":1,"10":0,"11":1,"12":1,"13":1,"14":0,"15":2,"16":2,"17":2,"18":2,"19":1,"20":1,"21":1,"22":1,"23":3},"f":{"0":1,"1":1,"2":2},"b":{"0":[0],"1":[0,1],"2":[1,1]},"_coverageSchema":"1a1c01bbd47fc00a2c39e90264f33305004495a9","hash":"c2937cb937944126b2b4a12a4445da77eeaf16eb"}
,"E:\\HACKTIV8\\Bootcamp\\Individual Project\\IP-HCK73\\server\\controllers\\GameController.js": {"path":"E:\\HACKTIV8\\Bootcamp\\Individual Project\\IP-HCK73\\server\\controllers\\GameController.js","statementMap":{"0":{"start":{"line":1,"column":33},"end":{"line":1,"column":53}},"1":{"start":{"line":2,"column":15},"end":{"line":2,"column":35}},"2":{"start":{"line":6,"column":4},"end":{"line":57,"column":5}},"3":{"start":{"line":7,"column":37},"end":{"line":7,"column":46}},"4":{"start":{"line":8,"column":22},"end":{"line":10,"column":7}},"5":{"start":{"line":12,"column":6},"end":{"line":18,"column":7}},"6":{"start":{"line":13,"column":8},"end":{"line":17,"column":10}},"7":{"start":{"line":20,"column":6},"end":{"line":25,"column":7}},"8":{"start":{"line":21,"column":25},"end":{"line":21,"column":57}},"9":{"start":{"line":22,"column":27},"end":{"line":22,"column":69}},"10":{"start":{"line":24,"column":8},"end":{"line":24,"column":49}},"11":{"start":{"line":27,"column":18},"end":{"line":27,"column":20}},"12":{"start":{"line":28,"column":23},"end":{"line":28,"column":24}},"13":{"start":{"line":29,"column":6},"end":{"line":29,"column":28}},"14":{"start":{"line":31,"column":6},"end":{"line":43,"column":7}},"15":{"start":{"line":32,"column":8},"end":{"line":37,"column":9}},"16":{"start":{"line":33,"column":10},"end":{"line":33,"column":29}},"17":{"start":{"line":34,"column":10},"end":{"line":34,"column":32}},"18":{"start":{"line":36,"column":10},"end":{"line":36,"column":32}},"19":{"start":{"line":39,"column":8},"end":{"line":42,"column":9}},"20":{"start":{"line":40,"column":10},"end":{"line":40,"column":36}},"21":{"start":{"line":41,"column":10},"end":{"line":41,"column":52}},"22":{"start":{"line":44,"column":24},"end":{"line":44,"column":59}},"23":{"start":{"line":46,"column":18},"end":{"line":46,"column":45}},"24":{"start":{"line":48,"column":6},"end":{"line":54,"column":9}},"25":{"start":{"line":56,"column":6},"end":{"line":56,"column":18}},"26":{"start":{"line":61,"column":19},"end":{"line":61,"column":29}},"27":{"start":{"line":62,"column":4},"end":{"line":72,"column":5}},"28":{"start":{"line":63,"column":21},"end":{"line":63,"column":45}},"29":{"start":{"line":65,"column":6},"end":{"line":67,"column":7}},"30":{"start":{"line":66,"column":8},"end":{"line":66,"column":36}},"31":{"start":{"line":69,"column":6},"end":{"line":69,"column":37}},"32":{"start":{"line":71,"column":6},"end":{"line":71,"column":18}},"33":{"start":{"line":76,"column":0},"end":{"line":76,"column":32}}},"fnMap":{"0":{"name":"(anonymous_0)","decl":{"start":{"line":5,"column":2},"end":{"line":5,"column":3}},"loc":{"start":{"line":5,"column":44},"end":{"line":58,"column":3}},"line":5},"1":{"name":"(anonymous_1)","decl":{"start":{"line":60,"column":2},"end":{"line":60,"column":3}},"loc":{"start":{"line":60,"column":43},"end":{"line":73,"column":3}},"line":60}},"branchMap":{"0":{"loc":{"start":{"line":12,"column":6},"end":{"line":18,"column":7}},"type":"if","locations":[{"start":{"line":12,"column":6},"end":{"line":18,"column":7}},{"start":{},"end":{}}],"line":12},"1":{"loc":{"start":{"line":20,"column":6},"end":{"line":25,"column":7}},"type":"if","locations":[{"start":{"line":20,"column":6},"end":{"line":25,"column":7}},{"start":{},"end":{}}],"line":20},"2":{"loc":{"start":{"line":21,"column":25},"end":{"line":21,"column":57}},"type":"cond-expr","locations":[{"start":{"line":21,"column":43},"end":{"line":21,"column":49}},{"start":{"line":21,"column":52},"end":{"line":21,"column":57}}],"line":21},"3":{"loc":{"start":{"line":22,"column":27},"end":{"line":22,"column":69}},"type":"cond-expr","locations":[{"start":{"line":22,"column":49},"end":{"line":22,"column":62}},{"start":{"line":22,"column":65},"end":{"line":22,"column":69}}],"line":22},"4":{"loc":{"start":{"line":31,"column":6},"end":{"line":43,"column":7}},"type":"if","locations":[{"start":{"line":31,"column":6},"end":{"line":43,"column":7}},{"start":{},"end":{}}],"line":31},"5":{"loc":{"start":{"line":32,"column":8},"end":{"line":37,"column":9}},"type":"if","locations":[{"start":{"line":32,"column":8},"end":{"line":37,"column":9}},{"start":{"line":35,"column":15},"end":{"line":37,"column":9}}],"line":32},"6":{"loc":{"start":{"line":39,"column":8},"end":{"line":42,"column":9}},"type":"if","locations":[{"start":{"line":39,"column":8},"end":{"line":42,"column":9}},{"start":{},"end":{}}],"line":39},"7":{"loc":{"start":{"line":65,"column":6},"end":{"line":67,"column":7}},"type":"if","locations":[{"start":{"line":65,"column":6},"end":{"line":67,"column":7}},{"start":{},"end":{}}],"line":65}},"s":{"0":3,"1":3,"2":4,"3":4,"4":4,"5":4,"6":1,"7":4,"8":1,"9":1,"10":1,"11":4,"12":4,"13":4,"14":4,"15":1,"16":0,"17":0,"18":1,"19":1,"20":1,"21":1,"22":4,"23":4,"24":4,"25":0,"26":2,"27":2,"28":2,"29":2,"30":1,"31":1,"32":1,"33":3},"f":{"0":4,"1":2},"b":{"0":[1,3],"1":[1,3],"2":[0,1],"3":[0,1],"4":[1,3],"5":[0,1],"6":[1,0],"7":[1,1]},"_coverageSchema":"1a1c01bbd47fc00a2c39e90264f33305004495a9","hash":"9d6af0e8520c6a5919d488f71d578a26c9292d59"}
,"E:\\HACKTIV8\\Bootcamp\\Individual Project\\IP-HCK73\\server\\controllers\\UserController.js": {"path":"E:\\HACKTIV8\\Bootcamp\\Individual Project\\IP-HCK73\\server\\controllers\\UserController.js","statementMap":{"0":{"start":{"line":1,"column":42},"end":{"line":1,"column":70}},"1":{"start":{"line":2,"column":22},"end":{"line":2,"column":47}},"2":{"start":{"line":3,"column":17},"end":{"line":3,"column":37}},"3":{"start":{"line":7,"column":42},"end":{"line":7,"column":50}},"4":{"start":{"line":9,"column":4},"end":{"line":21,"column":5}},"5":{"start":{"line":10,"column":26},"end":{"line":14,"column":8}},"6":{"start":{"line":15,"column":6},"end":{"line":18,"column":9}},"7":{"start":{"line":20,"column":6},"end":{"line":20,"column":18}},"8":{"start":{"line":25,"column":32},"end":{"line":25,"column":40}},"9":{"start":{"line":26,"column":4},"end":{"line":49,"column":5}},"10":{"start":{"line":27,"column":6},"end":{"line":29,"column":7}},"11":{"start":{"line":28,"column":8},"end":{"line":28,"column":41}},"12":{"start":{"line":30,"column":6},"end":{"line":32,"column":7}},"13":{"start":{"line":31,"column":8},"end":{"line":31,"column":44}},"14":{"start":{"line":34,"column":19},"end":{"line":34,"column":59}},"15":{"start":{"line":36,"column":6},"end":{"line":38,"column":7}},"16":{"start":{"line":37,"column":8},"end":{"line":37,"column":39}},"17":{"start":{"line":40,"column":28},"end":{"line":40,"column":68}},"18":{"start":{"line":41,"column":6},"end":{"line":43,"column":7}},"19":{"start":{"line":42,"column":8},"end":{"line":42,"column":39}},"20":{"start":{"line":45,"column":27},"end":{"line":45,"column":53}},"21":{"start":{"line":46,"column":6},"end":{"line":46,"column":45}},"22":{"start":{"line":48,"column":6},"end":{"line":48,"column":18}},"23":{"start":{"line":53,"column":19},"end":{"line":53,"column":27}},"24":{"start":{"line":54,"column":42},"end":{"line":54,"column":50}},"25":{"start":{"line":56,"column":4},"end":{"line":72,"column":5}},"26":{"start":{"line":57,"column":26},"end":{"line":66,"column":7}},"27":{"start":{"line":67,"column":6},"end":{"line":69,"column":9}},"28":{"start":{"line":71,"column":6},"end":{"line":71,"column":18}},"29":{"start":{"line":76,"column":0},"end":{"line":76,"column":32}}},"fnMap":{"0":{"name":"(anonymous_0)","decl":{"start":{"line":6,"column":2},"end":{"line":6,"column":3}},"loc":{"start":{"line":6,"column":40},"end":{"line":22,"column":3}},"line":6},"1":{"name":"(anonymous_1)","decl":{"start":{"line":24,"column":2},"end":{"line":24,"column":3}},"loc":{"start":{"line":24,"column":37},"end":{"line":50,"column":3}},"line":24},"2":{"name":"(anonymous_2)","decl":{"start":{"line":52,"column":2},"end":{"line":52,"column":3}},"loc":{"start":{"line":52,"column":43},"end":{"line":73,"column":3}},"line":52}},"branchMap":{"0":{"loc":{"start":{"line":27,"column":6},"end":{"line":29,"column":7}},"type":"if","locations":[{"start":{"line":27,"column":6},"end":{"line":29,"column":7}},{"start":{},"end":{}}],"line":27},"1":{"loc":{"start":{"line":30,"column":6},"end":{"line":32,"column":7}},"type":"if","locations":[{"start":{"line":30,"column":6},"end":{"line":32,"column":7}},{"start":{},"end":{}}],"line":30},"2":{"loc":{"start":{"line":36,"column":6},"end":{"line":38,"column":7}},"type":"if","locations":[{"start":{"line":36,"column":6},"end":{"line":38,"column":7}},{"start":{},"end":{}}],"line":36},"3":{"loc":{"start":{"line":41,"column":6},"end":{"line":43,"column":7}},"type":"if","locations":[{"start":{"line":41,"column":6},"end":{"line":43,"column":7}},{"start":{},"end":{}}],"line":41}},"s":{"0":3,"1":3,"2":3,"3":4,"4":4,"5":4,"6":1,"7":3,"8":5,"9":5,"10":5,"11":1,"12":4,"13":1,"14":3,"15":3,"16":1,"17":2,"18":2,"19":1,"20":1,"21":1,"22":4,"23":2,"24":2,"25":2,"26":2,"27":1,"28":1,"29":3},"f":{"0":4,"1":5,"2":2},"b":{"0":[1,4],"1":[1,3],"2":[1,2],"3":[1,1]},"_coverageSchema":"1a1c01bbd47fc00a2c39e90264f33305004495a9","hash":"bee74f61e042cacb5fbddbb8e16e8fa5dc4b35ba"}
,"E:\\HACKTIV8\\Bootcamp\\Individual Project\\IP-HCK73\\server\\helpers\\bcrypt.js": {"path":"E:\\HACKTIV8\\Bootcamp\\Individual Project\\IP-HCK73\\server\\helpers\\bcrypt.js","statementMap":{"0":{"start":{"line":1,"column":15},"end":{"line":1,"column":34}},"1":{"start":{"line":2,"column":21},"end":{"line":5,"column":1}},"2":{"start":{"line":3,"column":15},"end":{"line":3,"column":37}},"3":{"start":{"line":4,"column":2},"end":{"line":4,"column":41}},"4":{"start":{"line":7,"column":24},"end":{"line":9,"column":1}},"5":{"start":{"line":8,"column":2},"end":{"line":8,"column":54}},"6":{"start":{"line":11,"column":0},"end":{"line":14,"column":2}}},"fnMap":{"0":{"name":"(anonymous_0)","decl":{"start":{"line":2,"column":21},"end":{"line":2,"column":22}},"loc":{"start":{"line":2,"column":35},"end":{"line":5,"column":1}},"line":2},"1":{"name":"(anonymous_1)","decl":{"start":{"line":7,"column":24},"end":{"line":7,"column":25}},"loc":{"start":{"line":7,"column":54},"end":{"line":9,"column":1}},"line":7}},"branchMap":{},"s":{"0":3,"1":3,"2":6,"3":6,"4":3,"5":2,"6":3},"f":{"0":6,"1":2},"b":{},"_coverageSchema":"1a1c01bbd47fc00a2c39e90264f33305004495a9","hash":"ce74bbef64be703cb1f0473747d02801845bfd18"}
,"E:\\HACKTIV8\\Bootcamp\\Individual Project\\IP-HCK73\\server\\helpers\\jwt.js": {"path":"E:\\HACKTIV8\\Bootcamp\\Individual Project\\IP-HCK73\\server\\helpers\\jwt.js","statementMap":{"0":{"start":{"line":1,"column":12},"end":{"line":1,"column":35}},"1":{"start":{"line":3,"column":18},"end":{"line":3,"column":40}},"2":{"start":{"line":4,"column":18},"end":{"line":6,"column":1}},"3":{"start":{"line":5,"column":2},"end":{"line":5,"column":38}},"4":{"start":{"line":8,"column":20},"end":{"line":10,"column":1}},"5":{"start":{"line":9,"column":2},"end":{"line":9,"column":38}},"6":{"start":{"line":12,"column":0},"end":{"line":15,"column":2}}},"fnMap":{"0":{"name":"(anonymous_0)","decl":{"start":{"line":4,"column":18},"end":{"line":4,"column":19}},"loc":{"start":{"line":4,"column":31},"end":{"line":6,"column":1}},"line":4},"1":{"name":"(anonymous_1)","decl":{"start":{"line":8,"column":20},"end":{"line":8,"column":21}},"loc":{"start":{"line":8,"column":31},"end":{"line":10,"column":1}},"line":8}},"branchMap":{},"s":{"0":3,"1":3,"2":3,"3":4,"4":3,"5":18,"6":3},"f":{"0":4,"1":18},"b":{},"_coverageSchema":"1a1c01bbd47fc00a2c39e90264f33305004495a9","hash":"394604d257ac57b748a55affa080a5d6d9db5f29"}
,"E:\\HACKTIV8\\Bootcamp\\Individual Project\\IP-HCK73\\server\\middleware\\errorhandler.js": {"path":"E:\\HACKTIV8\\Bootcamp\\Individual Project\\IP-HCK73\\server\\middleware\\errorhandler.js","statementMap":{"0":{"start":{"line":2,"column":2},"end":{"line":49,"column":3}},"1":{"start":{"line":5,"column":6},"end":{"line":5,"column":17}},"2":{"start":{"line":6,"column":6},"end":{"line":6,"column":38}},"3":{"start":{"line":7,"column":6},"end":{"line":7,"column":12}},"4":{"start":{"line":10,"column":6},"end":{"line":10,"column":17}},"5":{"start":{"line":11,"column":6},"end":{"line":11,"column":36}},"6":{"start":{"line":12,"column":6},"end":{"line":12,"column":12}},"7":{"start":{"line":15,"column":6},"end":{"line":15,"column":17}},"8":{"start":{"line":16,"column":6},"end":{"line":16,"column":39}},"9":{"start":{"line":17,"column":6},"end":{"line":17,"column":12}},"10":{"start":{"line":20,"column":6},"end":{"line":20,"column":17}},"11":{"start":{"line":21,"column":6},"end":{"line":21,"column":45}},"12":{"start":{"line":22,"column":6},"end":{"line":22,"column":12}},"13":{"start":{"line":25,"column":6},"end":{"line":25,"column":17}},"14":{"start":{"line":26,"column":6},"end":{"line":26,"column":50}},"15":{"start":{"line":27,"column":6},"end":{"line":27,"column":12}},"16":{"start":{"line":31,"column":6},"end":{"line":31,"column":17}},"17":{"start":{"line":32,"column":6},"end":{"line":32,"column":39}},"18":{"start":{"line":33,"column":6},"end":{"line":33,"column":12}},"19":{"start":{"line":36,"column":6},"end":{"line":36,"column":17}},"20":{"start":{"line":37,"column":6},"end":{"line":37,"column":51}},"21":{"start":{"line":38,"column":6},"end":{"line":38,"column":12}},"22":{"start":{"line":41,"column":6},"end":{"line":41,"column":17}},"23":{"start":{"line":42,"column":6},"end":{"line":42,"column":33}},"24":{"start":{"line":43,"column":6},"end":{"line":43,"column":12}},"25":{"start":{"line":46,"column":6},"end":{"line":46,"column":17}},"26":{"start":{"line":47,"column":6},"end":{"line":47,"column":40}},"27":{"start":{"line":48,"column":6},"end":{"line":48,"column":12}},"28":{"start":{"line":51,"column":2},"end":{"line":51,"column":37}},"29":{"start":{"line":54,"column":0},"end":{"line":54,"column":30}}},"fnMap":{"0":{"name":"errorHandler","decl":{"start":{"line":1,"column":9},"end":{"line":1,"column":21}},"loc":{"start":{"line":1,"column":43},"end":{"line":52,"column":1}},"line":1}},"branchMap":{"0":{"loc":{"start":{"line":2,"column":2},"end":{"line":49,"column":3}},"type":"switch","locations":[{"start":{"line":3,"column":4},"end":{"line":3,"column":42}},{"start":{"line":4,"column":4},"end":{"line":7,"column":12}},{"start":{"line":9,"column":4},"end":{"line":12,"column":12}},{"start":{"line":14,"column":4},"end":{"line":17,"column":12}},{"start":{"line":19,"column":4},"end":{"line":22,"column":12}},{"start":{"line":24,"column":4},"end":{"line":27,"column":12}},{"start":{"line":29,"column":4},"end":{"line":29,"column":25}},{"start":{"line":30,"column":4},"end":{"line":33,"column":12}},{"start":{"line":35,"column":4},"end":{"line":38,"column":12}},{"start":{"line":40,"column":4},"end":{"line":43,"column":12}},{"start":{"line":45,"column":4},"end":{"line":48,"column":12}}],"line":2}},"s":{"0":22,"1":4,"2":4,"3":4,"4":1,"5":1,"6":1,"7":1,"8":1,"9":1,"10":0,"11":0,"12":0,"13":2,"14":2,"15":2,"16":12,"17":12,"18":12,"19":0,"20":0,"21":0,"22":2,"23":2,"24":2,"25":0,"26":0,"27":0,"28":22,"29":3},"f":{"0":22},"b":{"0":[0,4,1,1,0,2,6,12,0,2,0]},"_coverageSchema":"1a1c01bbd47fc00a2c39e90264f33305004495a9","hash":"71acc048e5676218633d81176107f23e28e8d0fb"}
,"E:\\HACKTIV8\\Bootcamp\\Individual Project\\IP-HCK73\\server\\middleware\\isAuthenticated.js": {"path":"E:\\HACKTIV8\\Bootcamp\\Individual Project\\IP-HCK73\\server\\middleware\\isAuthenticated.js","statementMap":{"0":{"start":{"line":1,"column":24},"end":{"line":1,"column":49}},"1":{"start":{"line":2,"column":17},"end":{"line":2,"column":37}},"2":{"start":{"line":5,"column":2},"end":{"line":32,"column":3}},"3":{"start":{"line":6,"column":23},"end":{"line":6,"column":48}},"4":{"start":{"line":8,"column":4},"end":{"line":10,"column":5}},"5":{"start":{"line":9,"column":6},"end":{"line":9,"column":38}},"6":{"start":{"line":11,"column":26},"end":{"line":11,"column":49}},"7":{"start":{"line":13,"column":4},"end":{"line":15,"column":5}},"8":{"start":{"line":14,"column":6},"end":{"line":14,"column":38}},"9":{"start":{"line":17,"column":18},"end":{"line":17,"column":36}},"10":{"start":{"line":19,"column":15},"end":{"line":19,"column":46}},"11":{"start":{"line":21,"column":4},"end":{"line":23,"column":5}},"12":{"start":{"line":22,"column":6},"end":{"line":22,"column":38}},"13":{"start":{"line":25,"column":4},"end":{"line":27,"column":6}},"14":{"start":{"line":29,"column":4},"end":{"line":29,"column":11}},"15":{"start":{"line":31,"column":4},"end":{"line":31,"column":16}},"16":{"start":{"line":35,"column":0},"end":{"line":35,"column":33}}},"fnMap":{"0":{"name":"isAuthenticated","decl":{"start":{"line":4,"column":15},"end":{"line":4,"column":30}},"loc":{"start":{"line":4,"column":47},"end":{"line":33,"column":1}},"line":4}},"branchMap":{"0":{"loc":{"start":{"line":8,"column":4},"end":{"line":10,"column":5}},"type":"if","locations":[{"start":{"line":8,"column":4},"end":{"line":10,"column":5}},{"start":{},"end":{}}],"line":8},"1":{"loc":{"start":{"line":13,"column":4},"end":{"line":15,"column":5}},"type":"if","locations":[{"start":{"line":13,"column":4},"end":{"line":15,"column":5}},{"start":{},"end":{}}],"line":13},"2":{"loc":{"start":{"line":21,"column":4},"end":{"line":23,"column":5}},"type":"if","locations":[{"start":{"line":21,"column":4},"end":{"line":23,"column":5}},{"start":{},"end":{}}],"line":21}},"s":{"0":3,"1":3,"2":24,"3":24,"4":24,"5":6,"6":18,"7":18,"8":0,"9":18,"10":12,"11":12,"12":0,"13":12,"14":12,"15":12,"16":3},"f":{"0":24},"b":{"0":[6,18],"1":[0,18],"2":[0,12]},"_coverageSchema":"1a1c01bbd47fc00a2c39e90264f33305004495a9","hash":"345ba3fb75d04e424b8a001c226067489682f097"}
,"E:\\HACKTIV8\\Bootcamp\\Individual Project\\IP-HCK73\\server\\models\\favorite.js": {"path":"E:\\HACKTIV8\\Bootcamp\\Individual Project\\IP-HCK73\\server\\models\\favorite.js","statementMap":{"0":{"start":{"line":2,"column":18},"end":{"line":2,"column":38}},"1":{"start":{"line":3,"column":0},"end":{"line":45,"column":2}},"2":{"start":{"line":12,"column":6},"end":{"line":14,"column":9}},"3":{"start":{"line":15,"column":6},"end":{"line":17,"column":9}},"4":{"start":{"line":20,"column":2},"end":{"line":43,"column":4}},"5":{"start":{"line":44,"column":2},"end":{"line":44,"column":18}}},"fnMap":{"0":{"name":"(anonymous_0)","decl":{"start":{"line":3,"column":17},"end":{"line":3,"column":18}},"loc":{"start":{"line":3,"column":43},"end":{"line":45,"column":1}},"line":3},"1":{"name":"(anonymous_1)","decl":{"start":{"line":10,"column":4},"end":{"line":10,"column":5}},"loc":{"start":{"line":10,"column":29},"end":{"line":18,"column":5}},"line":10}},"branchMap":{},"s":{"0":3,"1":3,"2":3,"3":3,"4":3,"5":3},"f":{"0":3,"1":3},"b":{},"_coverageSchema":"1a1c01bbd47fc00a2c39e90264f33305004495a9","hash":"c123086ac4ea8583d626643e65075d819c9be2e2"}
,"E:\\HACKTIV8\\Bootcamp\\Individual Project\\IP-HCK73\\server\\models\\game.js": {"path":"E:\\HACKTIV8\\Bootcamp\\Individual Project\\IP-HCK73\\server\\models\\game.js","statementMap":{"0":{"start":{"line":2,"column":18},"end":{"line":2,"column":38}},"1":{"start":{"line":3,"column":0},"end":{"line":74,"column":2}},"2":{"start":{"line":12,"column":6},"end":{"line":14,"column":9}},"3":{"start":{"line":17,"column":2},"end":{"line":72,"column":4}},"4":{"start":{"line":73,"column":2},"end":{"line":73,"column":14}}},"fnMap":{"0":{"name":"(anonymous_0)","decl":{"start":{"line":3,"column":17},"end":{"line":3,"column":18}},"loc":{"start":{"line":3,"column":43},"end":{"line":74,"column":1}},"line":3},"1":{"name":"(anonymous_1)","decl":{"start":{"line":10,"column":4},"end":{"line":10,"column":5}},"loc":{"start":{"line":10,"column":29},"end":{"line":15,"column":5}},"line":10}},"branchMap":{},"s":{"0":3,"1":3,"2":3,"3":3,"4":3},"f":{"0":3,"1":3},"b":{},"_coverageSchema":"1a1c01bbd47fc00a2c39e90264f33305004495a9","hash":"748c277217aa81257c81ef7113592cfd674ae24b"}
,"E:\\HACKTIV8\\Bootcamp\\Individual Project\\IP-HCK73\\server\\models\\index.js": {"path":"E:\\HACKTIV8\\Bootcamp\\Individual Project\\IP-HCK73\\server\\models\\index.js","statementMap":{"0":{"start":{"line":3,"column":11},"end":{"line":3,"column":24}},"1":{"start":{"line":4,"column":13},"end":{"line":4,"column":28}},"2":{"start":{"line":5,"column":18},"end":{"line":5,"column":38}},"3":{"start":{"line":6,"column":16},"end":{"line":6,"column":34}},"4":{"start":{"line":7,"column":17},"end":{"line":7,"column":42}},"5":{"start":{"line":8,"column":12},"end":{"line":8,"column":49}},"6":{"start":{"line":9,"column":15},"end":{"line":9,"column":65}},"7":{"start":{"line":10,"column":11},"end":{"line":10,"column":13}},"8":{"start":{"line":13,"column":0},"end":{"line":17,"column":1}},"9":{"start":{"line":14,"column":2},"end":{"line":14,"column":74}},"10":{"start":{"line":16,"column":2},"end":{"line":16,"column":87}},"11":{"start":{"line":19,"column":0},"end":{"line":32,"column":5}},"12":{"start":{"line":22,"column":4},"end":{"line":27,"column":6}},"13":{"start":{"line":30,"column":18},"end":{"line":30,"column":85}},"14":{"start":{"line":31,"column":4},"end":{"line":31,"column":27}},"15":{"start":{"line":34,"column":0},"end":{"line":38,"column":3}},"16":{"start":{"line":35,"column":2},"end":{"line":37,"column":3}},"17":{"start":{"line":36,"column":4},"end":{"line":36,"column":32}},"18":{"start":{"line":40,"column":0},"end":{"line":40,"column":25}},"19":{"start":{"line":41,"column":0},"end":{"line":41,"column":25}},"20":{"start":{"line":43,"column":0},"end":{"line":43,"column":20}}},"fnMap":{"0":{"name":"(anonymous_0)","decl":{"start":{"line":21,"column":10},"end":{"line":21,"column":11}},"loc":{"start":{"line":21,"column":18},"end":{"line":28,"column":3}},"line":21},"1":{"name":"(anonymous_1)","decl":{"start":{"line":29,"column":11},"end":{"line":29,"column":12}},"loc":{"start":{"line":29,"column":19},"end":{"line":32,"column":3}},"line":29},"2":{"name":"(anonymous_2)","decl":{"start":{"line":34,"column":24},"end":{"line":34,"column":25}},"loc":{"start":{"line":34,"column":37},"end":{"line":38,"column":1}},"line":34}},"branchMap":{"0":{"loc":{"start":{"line":8,"column":12},"end":{"line":8,"column":49}},"type":"binary-expr","locations":[{"start":{"line":8,"column":12},"end":{"line":8,"column":32}},{"start":{"line":8,"column":36},"end":{"line":8,"column":49}}],"line":8},"1":{"loc":{"start":{"line":13,"column":0},"end":{"line":17,"column":1}},"type":"if","locations":[{"start":{"line":13,"column":0},"end":{"line":17,"column":1}},{"start":{"line":15,"column":7},"end":{"line":17,"column":1}}],"line":13},"2":{"loc":{"start":{"line":23,"column":6},"end":{"line":26,"column":37}},"type":"binary-expr","locations":[{"start":{"line":23,"column":6},"end":{"line":23,"column":29}},{"start":{"line":24,"column":6},"end":{"line":24,"column":23}},{"start":{"line":25,"column":6},"end":{"line":25,"column":30}},{"start":{"line":26,"column":6},"end":{"line":26,"column":37}}],"line":23},"3":{"loc":{"start":{"line":35,"column":2},"end":{"line":37,"column":3}},"type":"if","locations":[{"start":{"line":35,"column":2},"end":{"line":37,"column":3}},{"start":{},"end":{}}],"line":35}},"s":{"0":3,"1":3,"2":3,"3":3,"4":3,"5":3,"6":3,"7":3,"8":3,"9":0,"10":3,"11":3,"12":12,"13":9,"14":9,"15":3,"16":9,"17":9,"18":3,"19":3,"20":3},"f":{"0":12,"1":9,"2":9},"b":{"0":[3,0],"1":[0,3],"2":[12,12,9,9],"3":[9,0]},"_coverageSchema":"1a1c01bbd47fc00a2c39e90264f33305004495a9","hash":"178b81358d48dc40637385c36280ade583356016"}
,"E:\\HACKTIV8\\Bootcamp\\Individual Project\\IP-HCK73\\server\\models\\user.js": {"path":"E:\\HACKTIV8\\Bootcamp\\Individual Project\\IP-HCK73\\server\\models\\user.js","statementMap":{"0":{"start":{"line":2,"column":18},"end":{"line":2,"column":38}},"1":{"start":{"line":3,"column":25},"end":{"line":3,"column":53}},"2":{"start":{"line":4,"column":0},"end":{"line":72,"column":2}},"3":{"start":{"line":13,"column":6},"end":{"line":15,"column":9}},"4":{"start":{"line":18,"column":2},"end":{"line":66,"column":4}},"5":{"start":{"line":67,"column":2},"end":{"line":69,"column":5}},"6":{"start":{"line":68,"column":4},"end":{"line":68,"column":48}},"7":{"start":{"line":71,"column":2},"end":{"line":71,"column":14}}},"fnMap":{"0":{"name":"(anonymous_0)","decl":{"start":{"line":4,"column":17},"end":{"line":4,"column":18}},"loc":{"start":{"line":4,"column":43},"end":{"line":72,"column":1}},"line":4},"1":{"name":"(anonymous_1)","decl":{"start":{"line":11,"column":4},"end":{"line":11,"column":5}},"loc":{"start":{"line":11,"column":29},"end":{"line":16,"column":5}},"line":11},"2":{"name":"(anonymous_2)","decl":{"start":{"line":67,"column":31},"end":{"line":67,"column":32}},"loc":{"start":{"line":67,"column":49},"end":{"line":69,"column":3}},"line":67}},"branchMap":{},"s":{"0":3,"1":3,"2":3,"3":3,"4":3,"5":3,"6":4,"7":3},"f":{"0":3,"1":3,"2":4},"b":{},"_coverageSchema":"1a1c01bbd47fc00a2c39e90264f33305004495a9","hash":"f82c88ea82328d3a99a079228797965900b5b43c"}
,"E:\\HACKTIV8\\Bootcamp\\Individual Project\\IP-HCK73\\server\\routers\\index.js": {"path":"E:\\HACKTIV8\\Bootcamp\\Individual Project\\IP-HCK73\\server\\routers\\index.js","statementMap":{"0":{"start":{"line":1,"column":16},"end":{"line":1,"column":34}},"1":{"start":{"line":2,"column":23},"end":{"line":2,"column":63}},"2":{"start":{"line":3,"column":23},"end":{"line":3,"column":63}},"3":{"start":{"line":4,"column":27},"end":{"line":4,"column":71}},"4":{"start":{"line":5,"column":24},"end":{"line":5,"column":64}},"5":{"start":{"line":6,"column":15},"end":{"line":6,"column":31}},"6":{"start":{"line":8,"column":0},"end":{"line":8,"column":50}},"7":{"start":{"line":9,"column":0},"end":{"line":9,"column":44}},"8":{"start":{"line":10,"column":0},"end":{"line":10,"column":72}},"9":{"start":{"line":12,"column":0},"end":{"line":12,"column":67}},"10":{"start":{"line":13,"column":0},"end":{"line":13,"column":70}},"11":{"start":{"line":15,"column":0},"end":{"line":15,"column":79}},"12":{"start":{"line":16,"column":0},"end":{"line":16,"column":78}},"13":{"start":{"line":17,"column":0},"end":{"line":21,"column":2}},"14":{"start":{"line":23,"column":0},"end":{"line":23,"column":24}}},"fnMap":{},"branchMap":{},"s":{"0":3,"1":3,"2":3,"3":3,"4":3,"5":3,"6":3,"7":3,"8":3,"9":3,"10":3,"11":3,"12":3,"13":3,"14":3},"f":{},"b":{},"_coverageSchema":"1a1c01bbd47fc00a2c39e90264f33305004495a9","hash":"c90ec26d3af2d8716bba247e0bc4f98c5541c8f2"}
}
