TN:
SF:app.js
FNF:0
FNH:0
DA:1,3
DA:3,3
DA:4,3
DA:5,3
DA:6,3
DA:7,3
DA:9,3
DA:10,3
DA:11,3
DA:13,3
DA:15,3
DA:17,3
LF:12
LH:12
BRF:0
BRH:0
end_of_record
TN:
SF:controllers\FavoriteController.js
FN:4,(anonymous_0)
FN:20,(anonymous_1)
FN:47,(anonymous_2)
FNF:3
FNH:3
FNDA:1,(anonymous_0)
FNDA:1,(anonymous_1)
FNDA:2,(anonymous_2)
DA:1,3
DA:5,1
DA:6,1
DA:7,1
DA:14,1
DA:16,0
DA:21,1
DA:22,1
DA:23,1
DA:33,1
DA:34,0
DA:36,1
DA:37,1
DA:41,1
DA:43,0
DA:48,2
DA:49,2
DA:50,2
DA:54,2
DA:55,1
DA:57,1
DA:61,1
DA:65,1
DA:70,3
LF:24
LH:21
BRDA:22,0,0,0
BRDA:33,1,0,0
BRDA:33,1,1,1
BRDA:54,2,0,1
BRDA:54,2,1,1
BRF:5
BRH:3
end_of_record
TN:
SF:controllers\GameController.js
FN:6,(anonymous_0)
FN:61,(anonymous_1)
FN:64,(anonymous_2)
FN:96,(anonymous_3)
FNF:4
FNH:4
FNDA:4,(anonymous_0)
FNDA:1,(anonymous_1)
FNDA:20,(anonymous_2)
FNDA:2,(anonymous_3)
DA:1,3
DA:2,3
DA:3,3
DA:7,4
DA:8,4
DA:9,4
DA:13,4
DA:14,1
DA:21,4
DA:22,1
DA:23,1
DA:25,1
DA:28,4
DA:29,4
DA:30,4
DA:32,4
DA:33,1
DA:34,0
DA:35,0
DA:37,1
DA:40,1
DA:41,1
DA:42,1
DA:45,4
DA:47,4
DA:49,4
DA:57,0
DA:62,1
DA:63,1
DA:64,1
DA:65,20
DA:73,1
DA:74,1
DA:90,1
DA:92,0
DA:97,2
DA:98,2
DA:99,2
DA:101,2
DA:102,1
DA:105,1
DA:107,1
DA:112,3
LF:43
LH:39
BRDA:13,0,0,1
BRDA:13,0,1,3
BRDA:21,1,0,1
BRDA:21,1,1,3
BRDA:22,2,0,0
BRDA:22,2,1,1
BRDA:23,3,0,0
BRDA:23,3,1,1
BRDA:32,4,0,1
BRDA:32,4,1,3
BRDA:33,5,0,0
BRDA:33,5,1,1
BRDA:40,6,0,1
BRDA:40,6,1,0
BRDA:101,7,0,1
BRDA:101,7,1,1
BRF:16
BRH:12
end_of_record
TN:
SF:controllers\UserController.js
FN:8,(anonymous_0)
FN:26,(anonymous_1)
FN:54,(anonymous_2)
FN:67,(anonymous_3)
FN:90,(anonymous_4)
FNF:5
FNH:3
FNDA:4,(anonymous_0)
FNDA:5,(anonymous_1)
FNDA:0,(anonymous_2)
FNDA:2,(anonymous_3)
FNDA:0,(anonymous_4)
DA:1,3
DA:2,3
DA:3,3
DA:4,3
DA:5,3
DA:9,4
DA:11,4
DA:12,4
DA:17,1
DA:22,3
DA:27,5
DA:28,5
DA:29,5
DA:30,1
DA:32,4
DA:33,1
DA:36,3
DA:38,3
DA:39,1
DA:42,2
DA:43,2
DA:44,1
DA:47,1
DA:48,1
DA:50,4
DA:55,0
DA:56,0
DA:57,0
DA:61,0
DA:63,0
DA:68,2
DA:69,2
DA:71,2
DA:72,2
DA:82,1
DA:86,1
DA:91,0
DA:92,0
DA:93,0
DA:97,0
DA:98,0
DA:110,0
DA:111,0
DA:113,0
DA:118,3
LF:45
LH:32
BRDA:29,0,0,1
BRDA:29,0,1,4
BRDA:32,1,0,1
BRDA:32,1,1,3
BRDA:38,2,0,1
BRDA:38,2,1,2
BRDA:43,3,0,1
BRDA:43,3,1,1
BRDA:111,4,0,0
BRDA:111,4,1,0
BRF:10
BRH:8
end_of_record
TN:
SF:helpers\bcrypt.js
FN:2,(anonymous_0)
FN:7,(anonymous_1)
FNF:2
FNH:2
FNDA:6,(anonymous_0)
FNDA:2,(anonymous_1)
DA:1,3
DA:2,3
DA:3,6
DA:4,6
DA:7,3
DA:8,2
DA:11,3
LF:7
LH:7
BRF:0
BRH:0
end_of_record
TN:
SF:helpers\geminiAI.js
FN:4,(anonymous_0)
FNF:1
FNH:1
FNDA:1,(anonymous_0)
DA:1,3
DA:2,3
DA:4,3
DA:6,1
DA:8,1
DA:13,1
DA:23,1
DA:24,1
DA:25,1
DA:26,1
DA:28,1
DA:31,3
LF:12
LH:12
BRF:0
BRH:0
end_of_record
TN:
SF:helpers\jwt.js
FN:4,(anonymous_0)
FN:8,(anonymous_1)
FNF:2
FNH:2
FNDA:4,(anonymous_0)
FNDA:20,(anonymous_1)
DA:1,3
DA:3,3
DA:4,3
DA:5,4
DA:8,3
DA:9,20
DA:12,3
LF:7
LH:7
BRF:0
BRH:0
end_of_record
TN:
SF:middleware\errorhandler.js
FN:1,errorHandler
FNF:1
FNH:1
FNDA:24,errorHandler
DA:2,24
DA:5,4
DA:6,4
DA:7,4
DA:10,1
DA:11,1
DA:12,1
DA:15,1
DA:16,1
DA:17,1
DA:20,0
DA:21,0
DA:22,0
DA:25,2
DA:26,2
DA:27,2
DA:31,14
DA:32,14
DA:33,14
DA:36,0
DA:37,0
DA:38,0
DA:41,2
DA:42,2
DA:43,2
DA:46,0
DA:47,0
DA:48,0
DA:51,24
DA:54,3
LF:30
LH:21
BRDA:2,0,0,0
BRDA:2,0,1,4
BRDA:2,0,2,1
BRDA:2,0,3,1
BRDA:2,0,4,0
BRDA:2,0,5,2
BRDA:2,0,6,7
BRDA:2,0,7,14
BRDA:2,0,8,0
BRDA:2,0,9,2
BRDA:2,0,10,0
BRF:11
BRH:7
end_of_record
TN:
SF:middleware\isAuthenticated.js
FN:4,isAuthenticated
FNF:1
FNH:1
FNDA:27,isAuthenticated
DA:1,3
DA:2,3
DA:5,27
DA:6,27
DA:8,27
DA:9,7
DA:11,20
DA:13,20
DA:14,0
DA:17,20
DA:19,13
DA:21,13
DA:22,0
DA:25,13
DA:29,13
DA:31,14
DA:35,3
LF:17
LH:15
BRDA:8,0,0,7
BRDA:8,0,1,20
BRDA:13,1,0,0
BRDA:13,1,1,20
BRDA:21,2,0,0
BRDA:21,2,1,13
BRF:6
BRH:4
end_of_record
TN:
SF:models\favorite.js
FN:3,(anonymous_0)
FN:10,(anonymous_1)
FNF:2
FNH:2
FNDA:3,(anonymous_0)
FNDA:3,(anonymous_1)
DA:2,3
DA:3,3
DA:12,3
DA:15,3
DA:20,3
DA:44,3
LF:6
LH:6
BRF:0
BRH:0
end_of_record
TN:
SF:models\game.js
FN:3,(anonymous_0)
FN:10,(anonymous_1)
FNF:2
FNH:2
FNDA:3,(anonymous_0)
FNDA:3,(anonymous_1)
DA:2,3
DA:3,3
DA:12,3
DA:17,3
DA:73,3
LF:5
LH:5
BRF:0
BRH:0
end_of_record
TN:
SF:models\index.js
FN:21,(anonymous_0)
FN:29,(anonymous_1)
FN:34,(anonymous_2)
FNF:3
FNH:3
FNDA:12,(anonymous_0)
FNDA:9,(anonymous_1)
FNDA:9,(anonymous_2)
DA:3,3
DA:4,3
DA:5,3
DA:6,3
DA:7,3
DA:8,3
DA:9,3
DA:10,3
DA:13,3
DA:14,0
DA:16,3
DA:19,3
DA:22,12
DA:30,9
DA:31,9
DA:34,3
DA:35,9
DA:36,9
DA:40,3
DA:41,3
DA:43,3
LF:21
LH:20
BRDA:8,0,0,3
BRDA:8,0,1,0
BRDA:13,1,0,0
BRDA:13,1,1,3
BRDA:23,2,0,12
BRDA:23,2,1,12
BRDA:23,2,2,9
BRDA:23,2,3,9
BRDA:35,3,0,9
BRDA:35,3,1,0
BRF:10
BRH:7
end_of_record
TN:
SF:models\user.js
FN:4,(anonymous_0)
FN:11,(anonymous_1)
FN:67,(anonymous_2)
FNF:3
FNH:3
FNDA:3,(anonymous_0)
FNDA:3,(anonymous_1)
FNDA:4,(anonymous_2)
DA:2,3
DA:3,3
DA:4,3
DA:13,3
DA:18,3
DA:67,3
DA:68,4
DA:71,3
LF:8
LH:8
BRF:0
BRH:0
end_of_record
TN:
SF:routers\index.js
FNF:0
FNH:0
DA:1,3
DA:2,3
DA:3,3
DA:4,3
DA:5,3
DA:6,3
DA:9,3
DA:10,3
DA:11,3
DA:12,3
DA:14,3
DA:16,3
DA:17,3
DA:18,3
DA:20,3
DA:21,3
DA:22,3
DA:28,3
LF:18
LH:18
BRF:0
BRH:0
end_of_record
