TN:
SF:app.js
FNF:0
FNH:0
DA:1,2
DA:2,2
DA:3,2
DA:4,2
DA:5,2
DA:8,2
DA:9,2
DA:11,2
DA:18,2
LF:9
LH:9
BRF:0
BRH:0
end_of_record
TN:
SF:controller\UserController.js
FN:16,(anonymous_0)
FN:49,(anonymous_1)
FN:68,(anonymous_2)
FN:108,(anonymous_3)
FN:123,(anonymous_4)
FN:129,run
FNF:6
FNH:2
FNDA:0,(anonymous_0)
FNDA:4,(anonymous_1)
FNDA:4,(anonymous_2)
FNDA:0,(anonymous_3)
FNDA:0,(anonymous_4)
FNDA:0,run
DA:1,2
DA:2,2
DA:3,2
DA:7,2
DA:8,2
DA:10,2
DA:11,2
DA:17,0
DA:19,0
DA:21,0
DA:25,0
DA:26,0
DA:38,0
DA:39,0
DA:43,0
DA:50,4
DA:52,4
DA:54,4
DA:60,1
DA:62,3
DA:69,4
DA:70,4
DA:72,4
DA:73,1
DA:75,3
DA:76,1
DA:79,2
DA:85,2
DA:86,0
DA:90,2
DA:92,2
DA:93,1
DA:97,1
DA:99,1
DA:103,3
DA:109,0
DA:111,0
DA:113,0
DA:115,0
DA:118,0
DA:124,0
DA:126,0
DA:131,0
DA:133,0
DA:135,0
DA:136,0
DA:137,0
DA:138,0
DA:141,0
DA:143,0
DA:149,2
LF:51
LH:27
BRDA:39,0,0,0
BRDA:39,0,1,0
BRDA:72,1,0,1
BRDA:72,1,1,3
BRDA:75,2,0,1
BRDA:75,2,1,2
BRDA:85,3,0,0
BRDA:85,3,1,2
BRDA:92,4,0,1
BRDA:92,4,1,1
BRF:10
BRH:7
end_of_record
TN:
SF:controller\recipeController.js
FN:4,(anonymous_0)
FN:14,(anonymous_1)
FN:29,(anonymous_2)
FN:42,(anonymous_3)
FN:70,(anonymous_4)
FNF:5
FNH:4
FNDA:1,(anonymous_0)
FNDA:0,(anonymous_1)
FNDA:3,(anonymous_2)
FNDA:3,(anonymous_3)
FNDA:3,(anonymous_4)
DA:1,2
DA:5,1
DA:6,1
DA:8,1
DA:10,0
DA:15,0
DA:16,0
DA:17,0
DA:19,0
DA:20,0
DA:23,0
DA:25,0
DA:30,3
DA:31,3
DA:36,1
DA:38,2
DA:43,3
DA:44,3
DA:45,3
DA:47,3
DA:49,3
DA:50,1
DA:53,2
DA:54,1
DA:57,1
DA:63,1
DA:64,1
DA:66,2
DA:71,3
DA:72,3
DA:73,3
DA:75,3
DA:77,3
DA:78,1
DA:81,2
DA:82,1
DA:85,1
DA:91,1
DA:94,2
DA:99,2
LF:40
LH:32
BRDA:19,0,0,0
BRDA:19,0,1,0
BRDA:49,1,0,1
BRDA:49,1,1,2
BRDA:53,2,0,1
BRDA:53,2,1,1
BRDA:77,3,0,1
BRDA:77,3,1,2
BRDA:81,4,0,1
BRDA:81,4,1,1
BRF:10
BRH:8
end_of_record
TN:
SF:helper\bcrypt.js
FN:3,(anonymous_0)
FN:9,(anonymous_1)
FNF:2
FNH:2
FNDA:4,(anonymous_0)
FNDA:2,(anonymous_1)
DA:1,2
DA:3,2
DA:4,4
DA:5,4
DA:9,2
DA:10,2
DA:15,2
LF:7
LH:7
BRF:0
BRH:0
end_of_record
TN:
SF:helper\jwt.js
FN:5,(anonymous_0)
FN:9,(anonymous_1)
FNF:2
FNH:2
FNDA:3,(anonymous_0)
FNDA:10,(anonymous_1)
DA:3,2
DA:5,2
DA:6,3
DA:9,2
DA:10,10
DA:13,2
LF:6
LH:6
BRF:0
BRH:0
end_of_record
TN:
SF:middlewear\errorHendeller.js
FN:1,errorHandeler
FNF:1
FNH:1
FNDA:12,errorHandeler
DA:2,12
DA:3,12
DA:5,12
DA:7,0
DA:8,0
DA:9,0
DA:11,5
DA:12,5
DA:13,5
DA:16,1
DA:17,1
DA:18,1
DA:20,1
DA:21,1
DA:22,1
DA:24,1
DA:25,1
DA:26,1
DA:28,2
DA:29,2
DA:30,2
DA:32,2
DA:33,2
DA:34,2
DA:37,12
DA:40,2
LF:26
LH:23
BRDA:2,0,0,12
BRDA:2,0,1,0
BRDA:3,1,0,12
BRDA:3,1,1,7
BRDA:5,2,0,0
BRDA:5,2,1,5
BRDA:5,2,2,1
BRDA:5,2,3,1
BRDA:5,2,4,1
BRDA:5,2,5,2
BRDA:5,2,6,2
BRF:11
BRH:9
end_of_record
TN:
SF:models\index.js
FN:21,(anonymous_0)
FN:29,(anonymous_1)
FN:34,(anonymous_2)
FNF:3
FNH:3
FNDA:6,(anonymous_0)
FNDA:4,(anonymous_1)
FNDA:4,(anonymous_2)
DA:3,2
DA:4,2
DA:5,2
DA:6,2
DA:7,2
DA:8,2
DA:9,2
DA:10,2
DA:13,2
DA:14,0
DA:16,2
DA:19,2
DA:22,6
DA:30,4
DA:31,4
DA:34,2
DA:35,4
DA:36,4
DA:40,2
DA:41,2
DA:43,2
LF:21
LH:20
BRDA:8,0,0,2
BRDA:8,0,1,0
BRDA:13,1,0,0
BRDA:13,1,1,2
BRDA:23,2,0,6
BRDA:23,2,1,6
BRDA:23,2,2,4
BRDA:23,2,3,4
BRDA:35,3,0,4
BRDA:35,3,1,0
BRF:10
BRH:7
end_of_record
TN:
SF:models\recipe.js
FN:3,(anonymous_0)
FN:10,(anonymous_1)
FNF:2
FNH:2
FNDA:2,(anonymous_0)
FNDA:2,(anonymous_1)
DA:2,2
DA:3,2
DA:12,2
DA:15,2
DA:63,2
LF:5
LH:5
BRF:0
BRH:0
end_of_record
TN:
SF:models\user.js
FN:6,(anonymous_0)
FN:8,(anonymous_1)
FN:69,(anonymous_2)
FNF:3
FNH:3
FNDA:2,(anonymous_0)
FNDA:2,(anonymous_1)
FNDA:4,(anonymous_2)
DA:4,2
DA:5,2
DA:6,2
DA:9,2
DA:12,2
DA:69,2
DA:70,4
DA:73,2
LF:8
LH:8
BRF:0
BRH:0
end_of_record
TN:
SF:routers\index.js
FN:20,authentincation
FNF:1
FNH:1
FNDA:10,authentincation
DA:1,2
DA:2,2
DA:3,2
DA:4,2
DA:5,2
DA:6,2
DA:7,2
DA:8,2
DA:12,2
DA:14,2
DA:16,2
DA:21,10
DA:23,10
DA:25,10
DA:26,0
DA:29,10
DA:31,10
DA:32,0
DA:35,10
DA:37,10
DA:38,10
DA:39,0
DA:42,10
DA:47,10
DA:50,0
DA:57,2
DA:59,2
DA:60,2
DA:62,2
DA:63,2
DA:64,2
DA:66,2
DA:68,2
DA:71,2
LF:34
LH:30
BRDA:25,0,0,0
BRDA:25,0,1,10
BRDA:31,1,0,0
BRDA:31,1,1,10
BRDA:31,2,0,10
BRDA:31,2,1,10
BRDA:31,2,2,10
BRDA:38,3,0,0
BRDA:38,3,1,10
BRF:9
BRH:6
end_of_record
