{"C:\\Users\\Christo\\Desktop\\Projects\\Individual\\IP-HCK73\\SkyGate\\server\\app.js": {"path":"C:\\Users\\Christo\\Desktop\\Projects\\Individual\\IP-HCK73\\SkyGate\\server\\app.js","statementMap":{"0":{"start":{"line":1,"column":0},"end":{"line":1,"column":26}},"1":{"start":{"line":2,"column":16},"end":{"line":2,"column":34}},"2":{"start":{"line":3,"column":12},"end":{"line":3,"column":21}},"3":{"start":{"line":4,"column":13},"end":{"line":4,"column":28}},"4":{"start":{"line":5,"column":15},"end":{"line":5,"column":35}},"5":{"start":{"line":7,"column":0},"end":{"line":7,"column":48}},"6":{"start":{"line":8,"column":0},"end":{"line":8,"column":23}},"7":{"start":{"line":9,"column":0},"end":{"line":9,"column":15}},"8":{"start":{"line":10,"column":0},"end":{"line":10,"column":15}},"9":{"start":{"line":12,"column":0},"end":{"line":12,"column":20}}},"fnMap":{},"branchMap":{},"s":{"0":3,"1":3,"2":3,"3":3,"4":3,"5":3,"6":3,"7":3,"8":3,"9":3},"f":{},"b":{},"_coverageSchema":"1a1c01bbd47fc00a2c39e90264f33305004495a9","hash":"79eec97a45d8b5c3173e4d7f8f4e2d16cd1de724"}
,"C:\\Users\\Christo\\Desktop\\Projects\\Individual\\IP-HCK73\\SkyGate\\server\\controllers\\AirportController.js": {"path":"C:\\Users\\Christo\\Desktop\\Projects\\Individual\\IP-HCK73\\SkyGate\\server\\controllers\\AirportController.js","statementMap":{"0":{"start":{"line":1,"column":15},"end":{"line":1,"column":35}},"1":{"start":{"line":2,"column":28},"end":{"line":2,"column":48}},"2":{"start":{"line":3,"column":15},"end":{"line":3,"column":43}},"3":{"start":{"line":6,"column":33},"end":{"line":6,"column":42}},"4":{"start":{"line":7,"column":8},"end":{"line":51,"column":9}},"5":{"start":{"line":8,"column":33},"end":{"line":8,"column":35}},"6":{"start":{"line":9,"column":12},"end":{"line":23,"column":13}},"7":{"start":{"line":10,"column":16},"end":{"line":22,"column":17}},"8":{"start":{"line":25,"column":24},"end":{"line":25,"column":26}},"9":{"start":{"line":26,"column":29},"end":{"line":26,"column":30}},"10":{"start":{"line":27,"column":12},"end":{"line":39,"column":13}},"11":{"start":{"line":28,"column":16},"end":{"line":31,"column":17}},"12":{"start":{"line":29,"column":20},"end":{"line":29,"column":38}},"13":{"start":{"line":30,"column":20},"end":{"line":30,"column":48}},"14":{"start":{"line":32,"column":16},"end":{"line":35,"column":17}},"15":{"start":{"line":33,"column":20},"end":{"line":33,"column":46}},"16":{"start":{"line":34,"column":20},"end":{"line":34,"column":69}},"17":{"start":{"line":37,"column":16},"end":{"line":37,"column":44}},"18":{"start":{"line":38,"column":16},"end":{"line":38,"column":65}},"19":{"start":{"line":41,"column":36},"end":{"line":41,"column":81}},"20":{"start":{"line":42,"column":12},"end":{"line":48,"column":14}},"21":{"start":{"line":50,"column":12},"end":{"line":50,"column":23}},"22":{"start":{"line":55,"column":32},"end":{"line":55,"column":42}},"23":{"start":{"line":56,"column":8},"end":{"line":74,"column":9}},"24":{"start":{"line":57,"column":32},"end":{"line":65,"column":14}},"25":{"start":{"line":66,"column":12},"end":{"line":68,"column":13}},"26":{"start":{"line":67,"column":16},"end":{"line":67,"column":51}},"27":{"start":{"line":69,"column":12},"end":{"line":69,"column":47}},"28":{"start":{"line":71,"column":12},"end":{"line":71,"column":31}},"29":{"start":{"line":73,"column":12},"end":{"line":73,"column":23}},"30":{"start":{"line":78,"column":32},"end":{"line":78,"column":42}},"31":{"start":{"line":79,"column":34},"end":{"line":79,"column":42}},"32":{"start":{"line":80,"column":8},"end":{"line":97,"column":9}},"33":{"start":{"line":81,"column":26},"end":{"line":83,"column":14}},"34":{"start":{"line":84,"column":12},"end":{"line":86,"column":13}},"35":{"start":{"line":85,"column":16},"end":{"line":85,"column":51}},"36":{"start":{"line":88,"column":30},"end":{"line":93,"column":14}},"37":{"start":{"line":94,"column":12},"end":{"line":94,"column":43}},"38":{"start":{"line":96,"column":12},"end":{"line":96,"column":23}},"39":{"start":{"line":101,"column":23},"end":{"line":101,"column":33}},"40":{"start":{"line":102,"column":8},"end":{"line":115,"column":9}},"41":{"start":{"line":103,"column":25},"end":{"line":103,"column":50}},"42":{"start":{"line":104,"column":12},"end":{"line":106,"column":13}},"43":{"start":{"line":105,"column":16},"end":{"line":105,"column":50}},"44":{"start":{"line":108,"column":31},"end":{"line":110,"column":14}},"45":{"start":{"line":111,"column":12},"end":{"line":111,"column":52}},"46":{"start":{"line":112,"column":12},"end":{"line":112,"column":46}},"47":{"start":{"line":114,"column":12},"end":{"line":114,"column":23}},"48":{"start":{"line":119,"column":23},"end":{"line":119,"column":33}},"49":{"start":{"line":120,"column":8},"end":{"line":131,"column":9}},"50":{"start":{"line":121,"column":25},"end":{"line":121,"column":50}},"51":{"start":{"line":122,"column":12},"end":{"line":124,"column":13}},"52":{"start":{"line":123,"column":16},"end":{"line":123,"column":50}},"53":{"start":{"line":125,"column":12},"end":{"line":127,"column":14}},"54":{"start":{"line":128,"column":12},"end":{"line":128,"column":72}},"55":{"start":{"line":130,"column":12},"end":{"line":130,"column":23}},"56":{"start":{"line":135,"column":32},"end":{"line":135,"column":42}},"57":{"start":{"line":136,"column":29},"end":{"line":136,"column":37}},"58":{"start":{"line":137,"column":8},"end":{"line":183,"column":9}},"59":{"start":{"line":138,"column":28},"end":{"line":140,"column":14}},"60":{"start":{"line":141,"column":12},"end":{"line":143,"column":13}},"61":{"start":{"line":142,"column":16},"end":{"line":142,"column":51}},"62":{"start":{"line":144,"column":27},"end":{"line":175,"column":14}},"63":{"start":{"line":177,"column":31},"end":{"line":177,"column":51}},"64":{"start":{"line":178,"column":29},"end":{"line":178,"column":55}},"65":{"start":{"line":179,"column":8},"end":{"line":179,"column":56}},"66":{"start":{"line":181,"column":12},"end":{"line":181,"column":31}},"67":{"start":{"line":182,"column":12},"end":{"line":182,"column":23}},"68":{"start":{"line":187,"column":0},"end":{"line":187,"column":34}}},"fnMap":{"0":{"name":"(anonymous_0)","decl":{"start":{"line":5,"column":4},"end":{"line":5,"column":5}},"loc":{"start":{"line":5,"column":44},"end":{"line":52,"column":5}},"line":5},"1":{"name":"(anonymous_1)","decl":{"start":{"line":54,"column":4},"end":{"line":54,"column":5}},"loc":{"start":{"line":54,"column":50},"end":{"line":75,"column":5}},"line":54},"2":{"name":"(anonymous_2)","decl":{"start":{"line":77,"column":4},"end":{"line":77,"column":5}},"loc":{"start":{"line":77,"column":43},"end":{"line":98,"column":5}},"line":77},"3":{"name":"(anonymous_3)","decl":{"start":{"line":100,"column":4},"end":{"line":100,"column":5}},"loc":{"start":{"line":100,"column":46},"end":{"line":116,"column":5}},"line":100},"4":{"name":"(anonymous_4)","decl":{"start":{"line":118,"column":4},"end":{"line":118,"column":5}},"loc":{"start":{"line":118,"column":46},"end":{"line":132,"column":5}},"line":118},"5":{"name":"(anonymous_5)","decl":{"start":{"line":134,"column":4},"end":{"line":134,"column":5}},"loc":{"start":{"line":134,"column":41},"end":{"line":184,"column":5}},"line":134}},"branchMap":{"0":{"loc":{"start":{"line":9,"column":12},"end":{"line":23,"column":13}},"type":"if","locations":[{"start":{"line":9,"column":12},"end":{"line":23,"column":13}},{"start":{},"end":{}}],"line":9},"1":{"loc":{"start":{"line":27,"column":12},"end":{"line":39,"column":13}},"type":"if","locations":[{"start":{"line":27,"column":12},"end":{"line":39,"column":13}},{"start":{"line":36,"column":19},"end":{"line":39,"column":13}}],"line":27},"2":{"loc":{"start":{"line":28,"column":16},"end":{"line":31,"column":17}},"type":"if","locations":[{"start":{"line":28,"column":16},"end":{"line":31,"column":17}},{"start":{},"end":{}}],"line":28},"3":{"loc":{"start":{"line":32,"column":16},"end":{"line":35,"column":17}},"type":"if","locations":[{"start":{"line":32,"column":16},"end":{"line":35,"column":17}},{"start":{},"end":{}}],"line":32},"4":{"loc":{"start":{"line":66,"column":12},"end":{"line":68,"column":13}},"type":"if","locations":[{"start":{"line":66,"column":12},"end":{"line":68,"column":13}},{"start":{},"end":{}}],"line":66},"5":{"loc":{"start":{"line":84,"column":12},"end":{"line":86,"column":13}},"type":"if","locations":[{"start":{"line":84,"column":12},"end":{"line":86,"column":13}},{"start":{},"end":{}}],"line":84},"6":{"loc":{"start":{"line":104,"column":12},"end":{"line":106,"column":13}},"type":"if","locations":[{"start":{"line":104,"column":12},"end":{"line":106,"column":13}},{"start":{},"end":{}}],"line":104},"7":{"loc":{"start":{"line":122,"column":12},"end":{"line":124,"column":13}},"type":"if","locations":[{"start":{"line":122,"column":12},"end":{"line":124,"column":13}},{"start":{},"end":{}}],"line":122},"8":{"loc":{"start":{"line":141,"column":12},"end":{"line":143,"column":13}},"type":"if","locations":[{"start":{"line":141,"column":12},"end":{"line":143,"column":13}},{"start":{},"end":{}}],"line":141}},"s":{"0":3,"1":3,"2":3,"3":1,"4":1,"5":1,"6":1,"7":0,"8":1,"9":1,"10":1,"11":0,"12":0,"13":0,"14":0,"15":0,"16":0,"17":1,"18":1,"19":1,"20":1,"21":0,"22":2,"23":2,"24":2,"25":2,"26":1,"27":1,"28":1,"29":1,"30":1,"31":1,"32":1,"33":1,"34":1,"35":0,"36":1,"37":1,"38":0,"39":1,"40":1,"41":1,"42":1,"43":0,"44":1,"45":1,"46":1,"47":0,"48":1,"49":1,"50":1,"51":1,"52":0,"53":1,"54":1,"55":0,"56":0,"57":0,"58":0,"59":0,"60":0,"61":0,"62":0,"63":0,"64":0,"65":0,"66":0,"67":0,"68":3},"f":{"0":1,"1":2,"2":1,"3":1,"4":1,"5":0},"b":{"0":[0,1],"1":[0,1],"2":[0,0],"3":[0,0],"4":[1,1],"5":[0,1],"6":[0,1],"7":[0,1],"8":[0,0]},"_coverageSchema":"1a1c01bbd47fc00a2c39e90264f33305004495a9","hash":"45b2c467b8b1314a5de2cda6464a6a609b6d1562"}
,"C:\\Users\\Christo\\Desktop\\Projects\\Individual\\IP-HCK73\\SkyGate\\server\\controllers\\UserController.js": {"path":"C:\\Users\\Christo\\Desktop\\Projects\\Individual\\IP-HCK73\\SkyGate\\server\\controllers\\UserController.js","statementMap":{"0":{"start":{"line":1,"column":0},"end":{"line":1,"column":27}},"1":{"start":{"line":2,"column":25},"end":{"line":2,"column":55}},"2":{"start":{"line":3,"column":12},"end":{"line":3,"column":35}},"3":{"start":{"line":4,"column":17},"end":{"line":4,"column":37}},"4":{"start":{"line":5,"column":28},"end":{"line":5,"column":56}},"5":{"start":{"line":6,"column":22},"end":{"line":6,"column":47}},"6":{"start":{"line":7,"column":15},"end":{"line":7,"column":33}},"7":{"start":{"line":11,"column":32},"end":{"line":11,"column":40}},"8":{"start":{"line":12,"column":4},"end":{"line":23,"column":5}},"9":{"start":{"line":13,"column":25},"end":{"line":16,"column":8}},"10":{"start":{"line":17,"column":6},"end":{"line":20,"column":9}},"11":{"start":{"line":22,"column":6},"end":{"line":22,"column":17}},"12":{"start":{"line":27,"column":32},"end":{"line":27,"column":40}},"13":{"start":{"line":28,"column":4},"end":{"line":47,"column":5}},"14":{"start":{"line":29,"column":6},"end":{"line":31,"column":7}},"15":{"start":{"line":30,"column":8},"end":{"line":30,"column":40}},"16":{"start":{"line":32,"column":17},"end":{"line":34,"column":8}},"17":{"start":{"line":36,"column":6},"end":{"line":38,"column":7}},"18":{"start":{"line":37,"column":8},"end":{"line":37,"column":39}},"19":{"start":{"line":40,"column":18},"end":{"line":42,"column":8}},"20":{"start":{"line":44,"column":6},"end":{"line":44,"column":52}},"21":{"start":{"line":46,"column":6},"end":{"line":46,"column":17}},"22":{"start":{"line":51,"column":28},"end":{"line":51,"column":36}},"23":{"start":{"line":52,"column":4},"end":{"line":75,"column":5}},"24":{"start":{"line":53,"column":21},"end":{"line":56,"column":8}},"25":{"start":{"line":57,"column":22},"end":{"line":57,"column":41}},"26":{"start":{"line":58,"column":30},"end":{"line":68,"column":8}},"27":{"start":{"line":69,"column":20},"end":{"line":69,"column":69}},"28":{"start":{"line":70,"column":6},"end":{"line":70,"column":68}},"29":{"start":{"line":72,"column":6},"end":{"line":72,"column":25}},"30":{"start":{"line":74,"column":6},"end":{"line":74,"column":17}},"31":{"start":{"line":79,"column":0},"end":{"line":79,"column":32}}},"fnMap":{"0":{"name":"(anonymous_0)","decl":{"start":{"line":10,"column":2},"end":{"line":10,"column":3}},"loc":{"start":{"line":10,"column":40},"end":{"line":24,"column":3}},"line":10},"1":{"name":"(anonymous_1)","decl":{"start":{"line":26,"column":2},"end":{"line":26,"column":3}},"loc":{"start":{"line":26,"column":37},"end":{"line":48,"column":3}},"line":26},"2":{"name":"(anonymous_2)","decl":{"start":{"line":50,"column":2},"end":{"line":50,"column":3}},"loc":{"start":{"line":50,"column":43},"end":{"line":76,"column":3}},"line":50}},"branchMap":{"0":{"loc":{"start":{"line":29,"column":6},"end":{"line":31,"column":7}},"type":"if","locations":[{"start":{"line":29,"column":6},"end":{"line":31,"column":7}},{"start":{},"end":{}}],"line":29},"1":{"loc":{"start":{"line":29,"column":10},"end":{"line":29,"column":29}},"type":"binary-expr","locations":[{"start":{"line":29,"column":10},"end":{"line":29,"column":16}},{"start":{"line":29,"column":20},"end":{"line":29,"column":29}}],"line":29},"2":{"loc":{"start":{"line":36,"column":6},"end":{"line":38,"column":7}},"type":"if","locations":[{"start":{"line":36,"column":6},"end":{"line":38,"column":7}},{"start":{},"end":{}}],"line":36},"3":{"loc":{"start":{"line":36,"column":10},"end":{"line":36,"column":60}},"type":"binary-expr","locations":[{"start":{"line":36,"column":10},"end":{"line":36,"column":15}},{"start":{"line":36,"column":19},"end":{"line":36,"column":60}}],"line":36},"4":{"loc":{"start":{"line":70,"column":17},"end":{"line":70,"column":36}},"type":"cond-expr","locations":[{"start":{"line":70,"column":27},"end":{"line":70,"column":30}},{"start":{"line":70,"column":33},"end":{"line":70,"column":36}}],"line":70}},"s":{"0":3,"1":3,"2":3,"3":3,"4":3,"5":3,"6":3,"7":4,"8":4,"9":4,"10":1,"11":3,"12":5,"13":5,"14":5,"15":2,"16":3,"17":3,"18":2,"19":1,"20":1,"21":4,"22":0,"23":0,"24":0,"25":0,"26":0,"27":0,"28":0,"29":0,"30":0,"31":3},"f":{"0":4,"1":5,"2":0},"b":{"0":[2,3],"1":[5,4],"2":[2,1],"3":[3,2],"4":[0,0]},"_coverageSchema":"1a1c01bbd47fc00a2c39e90264f33305004495a9","hash":"38f02c1e5c645c332972b830f417ecacd542edcb"}
,"C:\\Users\\Christo\\Desktop\\Projects\\Individual\\IP-HCK73\\SkyGate\\server\\helpers\\bcrypt.js": {"path":"C:\\Users\\Christo\\Desktop\\Projects\\Individual\\IP-HCK73\\SkyGate\\server\\helpers\\bcrypt.js","statementMap":{"0":{"start":{"line":1,"column":15},"end":{"line":1,"column":34}},"1":{"start":{"line":2,"column":21},"end":{"line":5,"column":1}},"2":{"start":{"line":3,"column":17},"end":{"line":3,"column":39}},"3":{"start":{"line":4,"column":4},"end":{"line":4,"column":42}},"4":{"start":{"line":7,"column":24},"end":{"line":9,"column":1}},"5":{"start":{"line":8,"column":4},"end":{"line":8,"column":55}},"6":{"start":{"line":11,"column":0},"end":{"line":14,"column":1}}},"fnMap":{"0":{"name":"(anonymous_0)","decl":{"start":{"line":2,"column":21},"end":{"line":2,"column":22}},"loc":{"start":{"line":2,"column":35},"end":{"line":5,"column":1}},"line":2},"1":{"name":"(anonymous_1)","decl":{"start":{"line":7,"column":24},"end":{"line":7,"column":25}},"loc":{"start":{"line":7,"column":54},"end":{"line":9,"column":1}},"line":7}},"branchMap":{},"s":{"0":3,"1":3,"2":7,"3":7,"4":3,"5":2,"6":3},"f":{"0":7,"1":2},"b":{},"_coverageSchema":"1a1c01bbd47fc00a2c39e90264f33305004495a9","hash":"9e9538437104071beb8d85bb5a0d0c4d96a5853c"}
,"C:\\Users\\Christo\\Desktop\\Projects\\Individual\\IP-HCK73\\SkyGate\\server\\helpers\\jwt.js": {"path":"C:\\Users\\Christo\\Desktop\\Projects\\Individual\\IP-HCK73\\SkyGate\\server\\helpers\\jwt.js","statementMap":{"0":{"start":{"line":1,"column":12},"end":{"line":1,"column":35}},"1":{"start":{"line":2,"column":18},"end":{"line":2,"column":40}},"2":{"start":{"line":3,"column":18},"end":{"line":5,"column":1}},"3":{"start":{"line":4,"column":2},"end":{"line":4,"column":38}},"4":{"start":{"line":7,"column":20},"end":{"line":9,"column":1}},"5":{"start":{"line":8,"column":2},"end":{"line":8,"column":38}},"6":{"start":{"line":11,"column":0},"end":{"line":14,"column":2}}},"fnMap":{"0":{"name":"(anonymous_0)","decl":{"start":{"line":3,"column":18},"end":{"line":3,"column":19}},"loc":{"start":{"line":3,"column":31},"end":{"line":5,"column":1}},"line":3},"1":{"name":"(anonymous_1)","decl":{"start":{"line":7,"column":20},"end":{"line":7,"column":21}},"loc":{"start":{"line":7,"column":31},"end":{"line":9,"column":1}},"line":7}},"branchMap":{},"s":{"0":3,"1":3,"2":3,"3":7,"4":3,"5":10,"6":3},"f":{"0":7,"1":10},"b":{},"_coverageSchema":"1a1c01bbd47fc00a2c39e90264f33305004495a9","hash":"bcf89eb9df9aad748af58418ffdd3a60a32d12fd"}
,"C:\\Users\\Christo\\Desktop\\Projects\\Individual\\IP-HCK73\\SkyGate\\server\\helpers\\openai.js": {"path":"C:\\Users\\Christo\\Desktop\\Projects\\Individual\\IP-HCK73\\SkyGate\\server\\helpers\\openai.js","statementMap":{"0":{"start":{"line":1,"column":19},"end":{"line":1,"column":36}},"1":{"start":{"line":2,"column":0},"end":{"line":2,"column":26}},"2":{"start":{"line":4,"column":0},"end":{"line":19,"column":1}},"3":{"start":{"line":5,"column":19},"end":{"line":7,"column":6}},"4":{"start":{"line":8,"column":23},"end":{"line":17,"column":10}},"5":{"start":{"line":18,"column":4},"end":{"line":18,"column":48}}},"fnMap":{"0":{"name":"openAI","decl":{"start":{"line":4,"column":33},"end":{"line":4,"column":39}},"loc":{"start":{"line":4,"column":48},"end":{"line":19,"column":1}},"line":4}},"branchMap":{},"s":{"0":3,"1":3,"2":3,"3":0,"4":0,"5":0},"f":{"0":0},"b":{},"_coverageSchema":"1a1c01bbd47fc00a2c39e90264f33305004495a9","hash":"74566013c043e10f4767bce404063433c2a679d1"}
,"C:\\Users\\Christo\\Desktop\\Projects\\Individual\\IP-HCK73\\SkyGate\\server\\middleware\\errorHandler.js": {"path":"C:\\Users\\Christo\\Desktop\\Projects\\Individual\\IP-HCK73\\SkyGate\\server\\middleware\\errorHandler.js","statementMap":{"0":{"start":{"line":4,"column":4},"end":{"line":39,"column":5}},"1":{"start":{"line":7,"column":12},"end":{"line":7,"column":25}},"2":{"start":{"line":8,"column":12},"end":{"line":8,"column":44}},"3":{"start":{"line":9,"column":12},"end":{"line":9,"column":18}},"4":{"start":{"line":11,"column":12},"end":{"line":11,"column":25}},"5":{"start":{"line":12,"column":12},"end":{"line":12,"column":37}},"6":{"start":{"line":13,"column":12},"end":{"line":13,"column":18}},"7":{"start":{"line":15,"column":12},"end":{"line":15,"column":25}},"8":{"start":{"line":16,"column":12},"end":{"line":16,"column":49}},"9":{"start":{"line":17,"column":12},"end":{"line":17,"column":18}},"10":{"start":{"line":20,"column":12},"end":{"line":20,"column":25}},"11":{"start":{"line":21,"column":12},"end":{"line":21,"column":54}},"12":{"start":{"line":22,"column":12},"end":{"line":22,"column":18}},"13":{"start":{"line":24,"column":12},"end":{"line":24,"column":25}},"14":{"start":{"line":25,"column":12},"end":{"line":25,"column":41}},"15":{"start":{"line":26,"column":12},"end":{"line":26,"column":18}},"16":{"start":{"line":28,"column":12},"end":{"line":28,"column":25}},"17":{"start":{"line":29,"column":12},"end":{"line":29,"column":41}},"18":{"start":{"line":30,"column":12},"end":{"line":30,"column":18}},"19":{"start":{"line":32,"column":12},"end":{"line":32,"column":25}},"20":{"start":{"line":33,"column":12},"end":{"line":33,"column":40}},"21":{"start":{"line":34,"column":12},"end":{"line":34,"column":18}},"22":{"start":{"line":36,"column":12},"end":{"line":36,"column":25}},"23":{"start":{"line":37,"column":12},"end":{"line":37,"column":45}},"24":{"start":{"line":38,"column":12},"end":{"line":38,"column":18}},"25":{"start":{"line":40,"column":4},"end":{"line":40,"column":40}},"26":{"start":{"line":43,"column":0},"end":{"line":43,"column":29}}},"fnMap":{"0":{"name":"errorHandler","decl":{"start":{"line":1,"column":9},"end":{"line":1,"column":21}},"loc":{"start":{"line":1,"column":43},"end":{"line":41,"column":1}},"line":1}},"branchMap":{"0":{"loc":{"start":{"line":4,"column":4},"end":{"line":39,"column":5}},"type":"switch","locations":[{"start":{"line":5,"column":8},"end":{"line":5,"column":40}},{"start":{"line":6,"column":8},"end":{"line":9,"column":18}},{"start":{"line":10,"column":8},"end":{"line":13,"column":18}},{"start":{"line":14,"column":8},"end":{"line":17,"column":18}},{"start":{"line":18,"column":8},"end":{"line":18,"column":29}},{"start":{"line":19,"column":8},"end":{"line":22,"column":18}},{"start":{"line":23,"column":8},"end":{"line":26,"column":18}},{"start":{"line":27,"column":8},"end":{"line":30,"column":18}},{"start":{"line":31,"column":8},"end":{"line":34,"column":18}},{"start":{"line":35,"column":8},"end":{"line":38,"column":18}}],"line":4}},"s":{"0":13,"1":3,"2":3,"3":3,"4":2,"5":2,"6":2,"7":2,"8":2,"9":2,"10":3,"11":3,"12":3,"13":0,"14":0,"15":0,"16":1,"17":1,"18":1,"19":2,"20":2,"21":2,"22":0,"23":0,"24":0,"25":13,"26":3},"f":{"0":13},"b":{"0":[3,3,2,2,1,3,0,1,2,0]},"_coverageSchema":"1a1c01bbd47fc00a2c39e90264f33305004495a9","hash":"304ffac09bafe56951ae3398faa26a2ae7e4a0b3"}
,"C:\\Users\\Christo\\Desktop\\Projects\\Individual\\IP-HCK73\\SkyGate\\server\\middleware\\isAuthenticate.js": {"path":"C:\\Users\\Christo\\Desktop\\Projects\\Individual\\IP-HCK73\\SkyGate\\server\\middleware\\isAuthenticate.js","statementMap":{"0":{"start":{"line":1,"column":24},"end":{"line":1,"column":49}},"1":{"start":{"line":2,"column":17},"end":{"line":2,"column":37}},"2":{"start":{"line":5,"column":4},"end":{"line":28,"column":5}},"3":{"start":{"line":6,"column":27},"end":{"line":6,"column":52}},"4":{"start":{"line":7,"column":8},"end":{"line":9,"column":9}},"5":{"start":{"line":8,"column":12},"end":{"line":8,"column":43}},"6":{"start":{"line":11,"column":30},"end":{"line":11,"column":53}},"7":{"start":{"line":12,"column":8},"end":{"line":14,"column":9}},"8":{"start":{"line":13,"column":12},"end":{"line":13,"column":44}},"9":{"start":{"line":16,"column":22},"end":{"line":16,"column":40}},"10":{"start":{"line":17,"column":19},"end":{"line":17,"column":50}},"11":{"start":{"line":18,"column":8},"end":{"line":20,"column":9}},"12":{"start":{"line":19,"column":12},"end":{"line":19,"column":44}},"13":{"start":{"line":22,"column":8},"end":{"line":24,"column":9}},"14":{"start":{"line":25,"column":8},"end":{"line":25,"column":14}},"15":{"start":{"line":27,"column":8},"end":{"line":27,"column":19}},"16":{"start":{"line":31,"column":0},"end":{"line":31,"column":31}}},"fnMap":{"0":{"name":"isAuthenticate","decl":{"start":{"line":4,"column":15},"end":{"line":4,"column":29}},"loc":{"start":{"line":4,"column":46},"end":{"line":29,"column":1}},"line":4}},"branchMap":{"0":{"loc":{"start":{"line":7,"column":8},"end":{"line":9,"column":9}},"type":"if","locations":[{"start":{"line":7,"column":8},"end":{"line":9,"column":9}},{"start":{},"end":{}}],"line":7},"1":{"loc":{"start":{"line":12,"column":8},"end":{"line":14,"column":9}},"type":"if","locations":[{"start":{"line":12,"column":8},"end":{"line":14,"column":9}},{"start":{},"end":{}}],"line":12},"2":{"loc":{"start":{"line":18,"column":8},"end":{"line":20,"column":9}},"type":"if","locations":[{"start":{"line":18,"column":8},"end":{"line":20,"column":9}},{"start":{},"end":{}}],"line":18}},"s":{"0":3,"1":3,"2":11,"3":11,"4":11,"5":1,"6":10,"7":10,"8":0,"9":10,"10":8,"11":8,"12":0,"13":8,"14":8,"15":3,"16":3},"f":{"0":11},"b":{"0":[1,10],"1":[0,10],"2":[0,8]},"_coverageSchema":"1a1c01bbd47fc00a2c39e90264f33305004495a9","hash":"15a0197839749c4963fb82bb8f7ee45d8701d9a3"}
,"C:\\Users\\Christo\\Desktop\\Projects\\Individual\\IP-HCK73\\SkyGate\\server\\middleware\\isAuthorize.js": {"path":"C:\\Users\\Christo\\Desktop\\Projects\\Individual\\IP-HCK73\\SkyGate\\server\\middleware\\isAuthorize.js","statementMap":{"0":{"start":{"line":1,"column":19},"end":{"line":1,"column":39}},"1":{"start":{"line":4,"column":4},"end":{"line":15,"column":5}},"2":{"start":{"line":5,"column":21},"end":{"line":5,"column":57}},"3":{"start":{"line":6,"column":8},"end":{"line":8,"column":9}},"4":{"start":{"line":7,"column":12},"end":{"line":7,"column":46}},"5":{"start":{"line":9,"column":8},"end":{"line":11,"column":9}},"6":{"start":{"line":10,"column":12},"end":{"line":10,"column":37}},"7":{"start":{"line":12,"column":8},"end":{"line":12,"column":14}},"8":{"start":{"line":14,"column":8},"end":{"line":14,"column":19}},"9":{"start":{"line":18,"column":0},"end":{"line":18,"column":28}}},"fnMap":{"0":{"name":"isAuthorize","decl":{"start":{"line":3,"column":15},"end":{"line":3,"column":26}},"loc":{"start":{"line":3,"column":43},"end":{"line":16,"column":1}},"line":3}},"branchMap":{"0":{"loc":{"start":{"line":6,"column":8},"end":{"line":8,"column":9}},"type":"if","locations":[{"start":{"line":6,"column":8},"end":{"line":8,"column":9}},{"start":{},"end":{}}],"line":6},"1":{"loc":{"start":{"line":9,"column":8},"end":{"line":11,"column":9}},"type":"if","locations":[{"start":{"line":9,"column":8},"end":{"line":11,"column":9}},{"start":{},"end":{}}],"line":9}},"s":{"0":3,"1":4,"2":4,"3":4,"4":2,"5":2,"6":0,"7":2,"8":2,"9":3},"f":{"0":4},"b":{"0":[2,2],"1":[0,2]},"_coverageSchema":"1a1c01bbd47fc00a2c39e90264f33305004495a9","hash":"ecdab46e9109ab89634ff321d6847bed990a4093"}
,"C:\\Users\\Christo\\Desktop\\Projects\\Individual\\IP-HCK73\\SkyGate\\server\\models\\airport.js": {"path":"C:\\Users\\Christo\\Desktop\\Projects\\Individual\\IP-HCK73\\SkyGate\\server\\models\\airport.js","statementMap":{"0":{"start":{"line":4,"column":4},"end":{"line":4,"column":24}},"1":{"start":{"line":5,"column":0},"end":{"line":32,"column":2}},"2":{"start":{"line":14,"column":6},"end":{"line":14,"column":36}},"3":{"start":{"line":17,"column":2},"end":{"line":30,"column":5}},"4":{"start":{"line":31,"column":2},"end":{"line":31,"column":17}}},"fnMap":{"0":{"name":"(anonymous_0)","decl":{"start":{"line":5,"column":17},"end":{"line":5,"column":18}},"loc":{"start":{"line":5,"column":43},"end":{"line":32,"column":1}},"line":5},"1":{"name":"(anonymous_1)","decl":{"start":{"line":12,"column":4},"end":{"line":12,"column":5}},"loc":{"start":{"line":12,"column":29},"end":{"line":15,"column":5}},"line":12}},"branchMap":{},"s":{"0":3,"1":3,"2":3,"3":3,"4":3},"f":{"0":3,"1":3},"b":{},"_coverageSchema":"1a1c01bbd47fc00a2c39e90264f33305004495a9","hash":"9cc790073771774ca54bc1277a204f7acc537977"}
,"C:\\Users\\Christo\\Desktop\\Projects\\Individual\\IP-HCK73\\SkyGate\\server\\models\\index.js": {"path":"C:\\Users\\Christo\\Desktop\\Projects\\Individual\\IP-HCK73\\SkyGate\\server\\models\\index.js","statementMap":{"0":{"start":{"line":3,"column":11},"end":{"line":3,"column":24}},"1":{"start":{"line":4,"column":13},"end":{"line":4,"column":28}},"2":{"start":{"line":5,"column":18},"end":{"line":5,"column":38}},"3":{"start":{"line":6,"column":16},"end":{"line":6,"column":34}},"4":{"start":{"line":7,"column":17},"end":{"line":7,"column":42}},"5":{"start":{"line":8,"column":12},"end":{"line":8,"column":49}},"6":{"start":{"line":9,"column":15},"end":{"line":9,"column":65}},"7":{"start":{"line":10,"column":11},"end":{"line":10,"column":13}},"8":{"start":{"line":13,"column":0},"end":{"line":17,"column":1}},"9":{"start":{"line":14,"column":2},"end":{"line":14,"column":74}},"10":{"start":{"line":16,"column":2},"end":{"line":16,"column":87}},"11":{"start":{"line":19,"column":0},"end":{"line":32,"column":5}},"12":{"start":{"line":22,"column":4},"end":{"line":27,"column":6}},"13":{"start":{"line":30,"column":18},"end":{"line":30,"column":85}},"14":{"start":{"line":31,"column":4},"end":{"line":31,"column":27}},"15":{"start":{"line":34,"column":0},"end":{"line":38,"column":3}},"16":{"start":{"line":35,"column":2},"end":{"line":37,"column":3}},"17":{"start":{"line":36,"column":4},"end":{"line":36,"column":32}},"18":{"start":{"line":40,"column":0},"end":{"line":40,"column":25}},"19":{"start":{"line":41,"column":0},"end":{"line":41,"column":25}},"20":{"start":{"line":43,"column":0},"end":{"line":43,"column":20}}},"fnMap":{"0":{"name":"(anonymous_0)","decl":{"start":{"line":21,"column":10},"end":{"line":21,"column":11}},"loc":{"start":{"line":21,"column":18},"end":{"line":28,"column":3}},"line":21},"1":{"name":"(anonymous_1)","decl":{"start":{"line":29,"column":11},"end":{"line":29,"column":12}},"loc":{"start":{"line":29,"column":19},"end":{"line":32,"column":3}},"line":29},"2":{"name":"(anonymous_2)","decl":{"start":{"line":34,"column":24},"end":{"line":34,"column":25}},"loc":{"start":{"line":34,"column":37},"end":{"line":38,"column":1}},"line":34}},"branchMap":{"0":{"loc":{"start":{"line":8,"column":12},"end":{"line":8,"column":49}},"type":"binary-expr","locations":[{"start":{"line":8,"column":12},"end":{"line":8,"column":32}},{"start":{"line":8,"column":36},"end":{"line":8,"column":49}}],"line":8},"1":{"loc":{"start":{"line":13,"column":0},"end":{"line":17,"column":1}},"type":"if","locations":[{"start":{"line":13,"column":0},"end":{"line":17,"column":1}},{"start":{"line":15,"column":7},"end":{"line":17,"column":1}}],"line":13},"2":{"loc":{"start":{"line":23,"column":6},"end":{"line":26,"column":37}},"type":"binary-expr","locations":[{"start":{"line":23,"column":6},"end":{"line":23,"column":29}},{"start":{"line":24,"column":6},"end":{"line":24,"column":23}},{"start":{"line":25,"column":6},"end":{"line":25,"column":30}},{"start":{"line":26,"column":6},"end":{"line":26,"column":37}}],"line":23},"3":{"loc":{"start":{"line":35,"column":2},"end":{"line":37,"column":3}},"type":"if","locations":[{"start":{"line":35,"column":2},"end":{"line":37,"column":3}},{"start":{},"end":{}}],"line":35}},"s":{"0":3,"1":3,"2":3,"3":3,"4":3,"5":3,"6":3,"7":3,"8":3,"9":0,"10":3,"11":3,"12":12,"13":9,"14":9,"15":3,"16":9,"17":9,"18":3,"19":3,"20":3},"f":{"0":12,"1":9,"2":9},"b":{"0":[3,0],"1":[0,3],"2":[12,12,9,9],"3":[9,0]},"_coverageSchema":"1a1c01bbd47fc00a2c39e90264f33305004495a9","hash":"735e713c10ba18bddb67f71885b6712c23e118f7"}
,"C:\\Users\\Christo\\Desktop\\Projects\\Individual\\IP-HCK73\\SkyGate\\server\\models\\review.js": {"path":"C:\\Users\\Christo\\Desktop\\Projects\\Individual\\IP-HCK73\\SkyGate\\server\\models\\review.js","statementMap":{"0":{"start":{"line":4,"column":4},"end":{"line":4,"column":24}},"1":{"start":{"line":5,"column":0},"end":{"line":59,"column":2}},"2":{"start":{"line":13,"column":6},"end":{"line":13,"column":36}},"3":{"start":{"line":14,"column":6},"end":{"line":14,"column":39}},"4":{"start":{"line":17,"column":2},"end":{"line":57,"column":5}},"5":{"start":{"line":58,"column":2},"end":{"line":58,"column":16}}},"fnMap":{"0":{"name":"(anonymous_0)","decl":{"start":{"line":5,"column":17},"end":{"line":5,"column":18}},"loc":{"start":{"line":5,"column":43},"end":{"line":59,"column":1}},"line":5},"1":{"name":"(anonymous_1)","decl":{"start":{"line":12,"column":4},"end":{"line":12,"column":5}},"loc":{"start":{"line":12,"column":29},"end":{"line":15,"column":5}},"line":12}},"branchMap":{},"s":{"0":3,"1":3,"2":3,"3":3,"4":3,"5":3},"f":{"0":3,"1":3},"b":{},"_coverageSchema":"1a1c01bbd47fc00a2c39e90264f33305004495a9","hash":"096ff775b75ca8868f48fce451bb7d741738dba0"}
,"C:\\Users\\Christo\\Desktop\\Projects\\Individual\\IP-HCK73\\SkyGate\\server\\models\\user.js": {"path":"C:\\Users\\Christo\\Desktop\\Projects\\Individual\\IP-HCK73\\SkyGate\\server\\models\\user.js","statementMap":{"0":{"start":{"line":4,"column":4},"end":{"line":4,"column":24}},"1":{"start":{"line":5,"column":25},"end":{"line":5,"column":53}},"2":{"start":{"line":6,"column":0},"end":{"line":65,"column":2}},"3":{"start":{"line":14,"column":6},"end":{"line":14,"column":34}},"4":{"start":{"line":17,"column":2},"end":{"line":62,"column":5}},"5":{"start":{"line":59,"column":8},"end":{"line":59,"column":52}},"6":{"start":{"line":64,"column":2},"end":{"line":64,"column":14}}},"fnMap":{"0":{"name":"(anonymous_0)","decl":{"start":{"line":6,"column":17},"end":{"line":6,"column":18}},"loc":{"start":{"line":6,"column":43},"end":{"line":65,"column":1}},"line":6},"1":{"name":"(anonymous_1)","decl":{"start":{"line":13,"column":4},"end":{"line":13,"column":5}},"loc":{"start":{"line":13,"column":29},"end":{"line":15,"column":5}},"line":13},"2":{"name":"(anonymous_2)","decl":{"start":{"line":58,"column":20},"end":{"line":58,"column":21}},"loc":{"start":{"line":58,"column":30},"end":{"line":60,"column":7}},"line":58}},"branchMap":{},"s":{"0":3,"1":3,"2":3,"3":3,"4":3,"5":7,"6":3},"f":{"0":3,"1":3,"2":7},"b":{},"_coverageSchema":"1a1c01bbd47fc00a2c39e90264f33305004495a9","hash":"bf625c27c56c8dd4ca623820ec2d89f51f0a5fe0"}
,"C:\\Users\\Christo\\Desktop\\Projects\\Individual\\IP-HCK73\\SkyGate\\server\\routers\\index.js": {"path":"C:\\Users\\Christo\\Desktop\\Projects\\Individual\\IP-HCK73\\SkyGate\\server\\routers\\index.js","statementMap":{"0":{"start":{"line":1,"column":16},"end":{"line":1,"column":34}},"1":{"start":{"line":2,"column":15},"end":{"line":2,"column":31}},"2":{"start":{"line":3,"column":23},"end":{"line":3,"column":63}},"3":{"start":{"line":4,"column":21},"end":{"line":4,"column":58}},"4":{"start":{"line":5,"column":26},"end":{"line":5,"column":69}},"5":{"start":{"line":6,"column":23},"end":{"line":6,"column":62}},"6":{"start":{"line":7,"column":20},"end":{"line":7,"column":56}},"7":{"start":{"line":10,"column":0},"end":{"line":10,"column":49}},"8":{"start":{"line":11,"column":0},"end":{"line":11,"column":43}},"9":{"start":{"line":12,"column":0},"end":{"line":12,"column":56}},"10":{"start":{"line":15,"column":0},"end":{"line":15,"column":69}},"11":{"start":{"line":16,"column":0},"end":{"line":16,"column":88}},"12":{"start":{"line":17,"column":0},"end":{"line":17,"column":88}},"13":{"start":{"line":18,"column":0},"end":{"line":18,"column":90}},"14":{"start":{"line":19,"column":0},"end":{"line":19,"column":109}},"15":{"start":{"line":20,"column":0},"end":{"line":20,"column":112}},"16":{"start":{"line":22,"column":0},"end":{"line":22,"column":24}},"17":{"start":{"line":24,"column":0},"end":{"line":24,"column":23}}},"fnMap":{},"branchMap":{},"s":{"0":3,"1":3,"2":3,"3":3,"4":3,"5":3,"6":3,"7":3,"8":3,"9":3,"10":3,"11":3,"12":3,"13":3,"14":3,"15":3,"16":3,"17":3},"f":{},"b":{},"_coverageSchema":"1a1c01bbd47fc00a2c39e90264f33305004495a9","hash":"c5d4341e3d3be6c63b177860cf4a0819dfdf1ddf"}
}
