TN:
SF:app.js
FNF:0
FNH:0
DA:1,3
DA:2,3
DA:3,3
DA:4,3
DA:5,3
DA:7,3
DA:8,3
DA:9,3
DA:10,3
DA:12,3
LF:10
LH:10
BRF:0
BRH:0
end_of_record
TN:
SF:controllers\AirportController.js
FN:5,(anonymous_0)
FN:54,(anonymous_1)
FN:77,(anonymous_2)
FN:100,(anonymous_3)
FN:118,(anonymous_4)
FN:134,(anonymous_5)
FNF:6
FNH:5
FNDA:1,(anonymous_0)
FNDA:2,(anonymous_1)
FNDA:1,(anonymous_2)
FNDA:1,(anonymous_3)
FNDA:1,(anonymous_4)
FNDA:0,(anonymous_5)
DA:1,3
DA:2,3
DA:3,3
DA:6,1
DA:7,1
DA:8,1
DA:9,1
DA:10,0
DA:25,1
DA:26,1
DA:27,1
DA:28,0
DA:29,0
DA:30,0
DA:32,0
DA:33,0
DA:34,0
DA:37,1
DA:38,1
DA:41,1
DA:42,1
DA:50,0
DA:55,2
DA:56,2
DA:57,2
DA:66,2
DA:67,1
DA:69,1
DA:71,1
DA:73,1
DA:78,1
DA:79,1
DA:80,1
DA:81,1
DA:84,1
DA:85,0
DA:88,1
DA:94,1
DA:96,0
DA:101,1
DA:102,1
DA:103,1
DA:104,1
DA:105,0
DA:108,1
DA:111,1
DA:112,1
DA:114,0
DA:119,1
DA:120,1
DA:121,1
DA:122,1
DA:123,0
DA:125,1
DA:128,1
DA:130,0
DA:135,0
DA:136,0
DA:137,0
DA:138,0
DA:141,0
DA:142,0
DA:144,0
DA:177,0
DA:178,0
DA:179,0
DA:181,0
DA:182,0
DA:187,3
LF:69
LH:43
BRDA:9,0,0,0
BRDA:9,0,1,1
BRDA:27,1,0,0
BRDA:27,1,1,1
BRDA:28,2,0,0
BRDA:28,2,1,0
BRDA:32,3,0,0
BRDA:32,3,1,0
BRDA:66,4,0,1
BRDA:66,4,1,1
BRDA:84,5,0,0
BRDA:84,5,1,1
BRDA:104,6,0,0
BRDA:104,6,1,1
BRDA:122,7,0,0
BRDA:122,7,1,1
BRDA:141,8,0,0
BRDA:141,8,1,0
BRF:18
BRH:7
end_of_record
TN:
SF:controllers\UserController.js
FN:10,(anonymous_0)
FN:26,(anonymous_1)
FN:50,(anonymous_2)
FNF:3
FNH:2
FNDA:4,(anonymous_0)
FNDA:5,(anonymous_1)
FNDA:0,(anonymous_2)
DA:1,3
DA:2,3
DA:3,3
DA:4,3
DA:5,3
DA:6,3
DA:7,3
DA:11,4
DA:12,4
DA:13,4
DA:17,1
DA:22,3
DA:27,5
DA:28,5
DA:29,5
DA:30,2
DA:32,3
DA:36,3
DA:37,2
DA:40,1
DA:44,1
DA:46,4
DA:51,0
DA:52,0
DA:53,0
DA:57,0
DA:58,0
DA:69,0
DA:70,0
DA:72,0
DA:74,0
DA:79,3
LF:32
LH:23
BRDA:29,0,0,2
BRDA:29,0,1,3
BRDA:29,1,0,5
BRDA:29,1,1,4
BRDA:36,2,0,2
BRDA:36,2,1,1
BRDA:36,3,0,3
BRDA:36,3,1,2
BRDA:70,4,0,0
BRDA:70,4,1,0
BRF:10
BRH:8
end_of_record
TN:
SF:helpers\bcrypt.js
FN:2,(anonymous_0)
FN:7,(anonymous_1)
FNF:2
FNH:2
FNDA:7,(anonymous_0)
FNDA:2,(anonymous_1)
DA:1,3
DA:2,3
DA:3,7
DA:4,7
DA:7,3
DA:8,2
DA:11,3
LF:7
LH:7
BRF:0
BRH:0
end_of_record
TN:
SF:helpers\jwt.js
FN:3,(anonymous_0)
FN:7,(anonymous_1)
FNF:2
FNH:2
FNDA:7,(anonymous_0)
FNDA:10,(anonymous_1)
DA:1,3
DA:2,3
DA:3,3
DA:4,7
DA:7,3
DA:8,10
DA:11,3
LF:7
LH:7
BRF:0
BRH:0
end_of_record
TN:
SF:helpers\openai.js
FN:4,openAI
FNF:1
FNH:0
FNDA:0,openAI
DA:1,3
DA:2,3
DA:4,3
DA:5,0
DA:8,0
DA:18,0
LF:6
LH:3
BRF:0
BRH:0
end_of_record
TN:
SF:middleware\errorHandler.js
FN:1,errorHandler
FNF:1
FNH:1
FNDA:13,errorHandler
DA:4,13
DA:7,3
DA:8,3
DA:9,3
DA:11,2
DA:12,2
DA:13,2
DA:15,2
DA:16,2
DA:17,2
DA:20,3
DA:21,3
DA:22,3
DA:24,0
DA:25,0
DA:26,0
DA:28,1
DA:29,1
DA:30,1
DA:32,2
DA:33,2
DA:34,2
DA:36,0
DA:37,0
DA:38,0
DA:40,13
DA:43,3
LF:27
LH:21
BRDA:4,0,0,3
BRDA:4,0,1,3
BRDA:4,0,2,2
BRDA:4,0,3,2
BRDA:4,0,4,1
BRDA:4,0,5,3
BRDA:4,0,6,0
BRDA:4,0,7,1
BRDA:4,0,8,2
BRDA:4,0,9,0
BRF:10
BRH:8
end_of_record
TN:
SF:middleware\isAuthenticate.js
FN:4,isAuthenticate
FNF:1
FNH:1
FNDA:11,isAuthenticate
DA:1,3
DA:2,3
DA:5,11
DA:6,11
DA:7,11
DA:8,1
DA:11,10
DA:12,10
DA:13,0
DA:16,10
DA:17,8
DA:18,8
DA:19,0
DA:22,8
DA:25,8
DA:27,3
DA:31,3
LF:17
LH:15
BRDA:7,0,0,1
BRDA:7,0,1,10
BRDA:12,1,0,0
BRDA:12,1,1,10
BRDA:18,2,0,0
BRDA:18,2,1,8
BRF:6
BRH:4
end_of_record
TN:
SF:middleware\isAuthorize.js
FN:3,isAuthorize
FNF:1
FNH:1
FNDA:4,isAuthorize
DA:1,3
DA:4,4
DA:5,4
DA:6,4
DA:7,2
DA:9,2
DA:10,0
DA:12,2
DA:14,2
DA:18,3
LF:10
LH:9
BRDA:6,0,0,2
BRDA:6,0,1,2
BRDA:9,1,0,0
BRDA:9,1,1,2
BRF:4
BRH:3
end_of_record
TN:
SF:models\airport.js
FN:5,(anonymous_0)
FN:12,(anonymous_1)
FNF:2
FNH:2
FNDA:3,(anonymous_0)
FNDA:3,(anonymous_1)
DA:4,3
DA:5,3
DA:14,3
DA:17,3
DA:31,3
LF:5
LH:5
BRF:0
BRH:0
end_of_record
TN:
SF:models\index.js
FN:21,(anonymous_0)
FN:29,(anonymous_1)
FN:34,(anonymous_2)
FNF:3
FNH:3
FNDA:12,(anonymous_0)
FNDA:9,(anonymous_1)
FNDA:9,(anonymous_2)
DA:3,3
DA:4,3
DA:5,3
DA:6,3
DA:7,3
DA:8,3
DA:9,3
DA:10,3
DA:13,3
DA:14,0
DA:16,3
DA:19,3
DA:22,12
DA:30,9
DA:31,9
DA:34,3
DA:35,9
DA:36,9
DA:40,3
DA:41,3
DA:43,3
LF:21
LH:20
BRDA:8,0,0,3
BRDA:8,0,1,0
BRDA:13,1,0,0
BRDA:13,1,1,3
BRDA:23,2,0,12
BRDA:23,2,1,12
BRDA:23,2,2,9
BRDA:23,2,3,9
BRDA:35,3,0,9
BRDA:35,3,1,0
BRF:10
BRH:7
end_of_record
TN:
SF:models\review.js
FN:5,(anonymous_0)
FN:12,(anonymous_1)
FNF:2
FNH:2
FNDA:3,(anonymous_0)
FNDA:3,(anonymous_1)
DA:4,3
DA:5,3
DA:13,3
DA:14,3
DA:17,3
DA:58,3
LF:6
LH:6
BRF:0
BRH:0
end_of_record
TN:
SF:models\user.js
FN:6,(anonymous_0)
FN:13,(anonymous_1)
FN:58,(anonymous_2)
FNF:3
FNH:3
FNDA:3,(anonymous_0)
FNDA:3,(anonymous_1)
FNDA:7,(anonymous_2)
DA:4,3
DA:5,3
DA:6,3
DA:14,3
DA:17,3
DA:59,7
DA:64,3
LF:7
LH:7
BRF:0
BRH:0
end_of_record
TN:
SF:routers\index.js
FNF:0
FNH:0
DA:1,3
DA:2,3
DA:3,3
DA:4,3
DA:5,3
DA:6,3
DA:7,3
DA:10,3
DA:11,3
DA:12,3
DA:15,3
DA:16,3
DA:17,3
DA:18,3
DA:19,3
DA:20,3
DA:22,3
DA:24,3
LF:18
LH:18
BRF:0
BRH:0
end_of_record
